==========================================
Pure MPI Stride Test - 4 Nodes
==========================================
Job started at: Tue Oct  7 02:56:56 AM AWST 2025
Nodes: 4
Mode: Pure MPI (no OpenMP)
Testing different stride values
==========================================

==========================================
Testing with 4 cores (Pure MPI)
==========================================
MPI Processes: 4 (1 process per core, no OpenMP)

--- 100x100 matrix, kernel 3x3 ---

[4 cores] 100x100 matrix, kernel 3x3, stride (2,2)
Generating random 100x100 input and 3x3 kernel with stride 2x2
Running mpi mode: MPI processes=4, OpenMP threads=1
Input size: 100x100, Kernel: 3x3, Stride: 2x2
Output size: 50x50

========================================
Performance Statistics
========================================
Total time:          0.000388 seconds (100.0%)
Computation time:    0.000007 seconds (1.7%)
Communication time:  0.000379 seconds (97.8%)
  - Broadcast:       0.000371 seconds
  - Memory copy:     0.000008 seconds

Communication Statistics:
  - MPI_Bcast calls: 50
  - Bytes transferred: 0.02 MB
  - Output elements: 2500
========================================

[4 cores] 100x100 matrix, kernel 3x3, stride (3,3)

[4 cores] 100x100 matrix, kernel 3x3, stride (5,5)
Generating random 100x100 input and 3x3 kernel with stride 5x5
Running mpi mode: MPI processes=4, OpenMP threads=1
Input size: 100x100, Kernel: 3x3, Stride: 5x5
Output size: 20x20

========================================
Performance Statistics
========================================
Total time:          0.000171 seconds (100.0%)
Computation time:    0.000001 seconds (0.7%)
Communication time:  0.000168 seconds (98.4%)
  - Broadcast:       0.000158 seconds
  - Memory copy:     0.000010 seconds

Communication Statistics:
  - MPI_Bcast calls: 20
  - Bytes transferred: 0.01 MB
  - Output elements: 400
========================================

[4 cores] 100x100 matrix, kernel 3x3, stride (10,10)
Generating random 100x100 input and 3x3 kernel with stride 10x10
Running mpi mode: MPI processes=4, OpenMP threads=1
Input size: 100x100, Kernel: 3x3, Stride: 10x10
Output size: 10x10

========================================
Performance Statistics
========================================
Total time:          0.000115 seconds (100.0%)
Computation time:    0.000001 seconds (0.5%)
Communication time:  0.000113 seconds (98.0%)
  - Broadcast:       0.000105 seconds
  - Memory copy:     0.000008 seconds

Communication Statistics:
  - MPI_Bcast calls: 10
  - Bytes transferred: 0.01 MB
  - Output elements: 100
========================================

--- 1000x1000 matrix, kernel 3x3 ---

[4 cores] 1000x1000 matrix, kernel 3x3, stride (2,2)
Generating random 1000x1000 input and 3x3 kernel with stride 2x2
Running mpi mode: MPI processes=4, OpenMP threads=1
Input size: 1000x1000, Kernel: 3x3, Stride: 2x2
Output size: 500x500

========================================
Performance Statistics
========================================
Total time:          0.007112 seconds (100.0%)
Computation time:    0.000563 seconds (7.9%)
Communication time:  0.006454 seconds (90.7%)
  - Broadcast:       0.005935 seconds
  - Memory copy:     0.000519 seconds

Communication Statistics:
  - MPI_Bcast calls: 500
  - Bytes transferred: 1.91 MB
  - Output elements: 250000
========================================

[4 cores] 1000x1000 matrix, kernel 3x3, stride (3,3)
Generating random 1000x1000 input and 3x3 kernel with stride 3x3
Running mpi mode: MPI processes=4, OpenMP threads=1
Input size: 1000x1000, Kernel: 3x3, Stride: 3x3
Output size: 334x334

========================================
Performance Statistics
========================================
Total time:          0.004036 seconds (100.0%)
Computation time:    0.000266 seconds (6.6%)
Communication time:  0.003678 seconds (91.1%)
  - Broadcast:       0.003160 seconds
  - Memory copy:     0.000518 seconds

Communication Statistics:
  - MPI_Bcast calls: 334
  - Bytes transferred: 1.38 MB
  - Output elements: 111556
========================================

[4 cores] 1000x1000 matrix, kernel 3x3, stride (5,5)
Generating random 1000x1000 input and 3x3 kernel with stride 5x5
Running mpi mode: MPI processes=4, OpenMP threads=1
Input size: 1000x1000, Kernel: 3x3, Stride: 5x5
Output size: 200x200

========================================
Performance Statistics
========================================
Total time:          0.002459 seconds (100.0%)
Computation time:    0.000104 seconds (4.2%)
Communication time:  0.002261 seconds (91.9%)
  - Broadcast:       0.001746 seconds
  - Memory copy:     0.000514 seconds

Communication Statistics:
  - MPI_Bcast calls: 200
  - Bytes transferred: 1.09 MB
  - Output elements: 40000
========================================

[4 cores] 1000x1000 matrix, kernel 3x3, stride (10,10)
Generating random 1000x1000 input and 3x3 kernel with stride 10x10
Running mpi mode: MPI processes=4, OpenMP threads=1
Input size: 1000x1000, Kernel: 3x3, Stride: 10x10
Output size: 100x100

========================================
Performance Statistics
========================================
Total time:          0.001318 seconds (100.0%)
Computation time:    0.000025 seconds (1.9%)
Communication time:  0.001205 seconds (91.4%)
  - Broadcast:       0.000699 seconds
  - Memory copy:     0.000506 seconds

Communication Statistics:
  - MPI_Bcast calls: 100
  - Bytes transferred: 0.96 MB
  - Output elements: 10000
========================================

--- 10000x10000 matrix, kernel 3x3 ---

[4 cores] 10000x10000 matrix, kernel 3x3, stride (2,2)
Generating random 10000x10000 input and 3x3 kernel with stride 2x2
Running mpi mode: MPI processes=4, OpenMP threads=1
Input size: 10000x10000, Kernel: 3x3, Stride: 2x2
Output size: 5000x5000

========================================
Performance Statistics
========================================
Total time:          0.246281 seconds (100.0%)
Computation time:    0.064204 seconds (26.1%)
Communication time:  0.175611 seconds (71.3%)
  - Broadcast:       0.123068 seconds
  - Memory copy:     0.052543 seconds

Communication Statistics:
  - MPI_Bcast calls: 5000
  - Bytes transferred: 190.73 MB
  - Output elements: 25000000
========================================

[4 cores] 10000x10000 matrix, kernel 3x3, stride (3,3)
Generating random 10000x10000 input and 3x3 kernel with stride 3x3
Running mpi mode: MPI processes=4, OpenMP threads=1
Input size: 10000x10000, Kernel: 3x3, Stride: 3x3
Output size: 3334x3334

========================================
Performance Statistics
========================================
Total time:          0.152750 seconds (100.0%)
Computation time:    0.028465 seconds (18.6%)
Communication time:  0.117827 seconds (77.1%)
  - Broadcast:       0.065996 seconds
  - Memory copy:     0.051831 seconds

Communication Statistics:
  - MPI_Bcast calls: 3334
  - Bytes transferred: 137.81 MB
  - Output elements: 11115556
========================================

[4 cores] 10000x10000 matrix, kernel 3x3, stride (5,5)
Generating random 10000x10000 input and 3x3 kernel with stride 5x5
Running mpi mode: MPI processes=4, OpenMP threads=1
Input size: 10000x10000, Kernel: 3x3, Stride: 5x5
Output size: 2000x2000

========================================
Performance Statistics
========================================
Total time:          0.107051 seconds (100.0%)
Computation time:    0.010093 seconds (9.4%)
Communication time:  0.090513 seconds (84.6%)
  - Broadcast:       0.038570 seconds
  - Memory copy:     0.051943 seconds

Communication Statistics:
  - MPI_Bcast calls: 2000
  - Bytes transferred: 110.51 MB
  - Output elements: 4000000
========================================

[4 cores] 10000x10000 matrix, kernel 3x3, stride (10,10)
Generating random 10000x10000 input and 3x3 kernel with stride 10x10
Running mpi mode: MPI processes=4, OpenMP threads=1
Input size: 10000x10000, Kernel: 3x3, Stride: 10x10
Output size: 1000x1000

========================================
Performance Statistics
========================================
Total time:          0.079484 seconds (100.0%)
Computation time:    0.002356 seconds (3.0%)
Communication time:  0.070693 seconds (88.9%)
  - Broadcast:       0.018080 seconds
  - Memory copy:     0.052613 seconds

Communication Statistics:
  - MPI_Bcast calls: 1000
  - Bytes transferred: 98.88 MB
  - Output elements: 1000000
========================================

--- 1000x1000 matrix, kernel 10x10 ---

[4 cores] 1000x1000 matrix, kernel 10x10, stride (2,2)
Generating random 1000x1000 input and 10x10 kernel with stride 2x2
Running mpi mode: MPI processes=4, OpenMP threads=1
Input size: 1000x1000, Kernel: 10x10, Stride: 2x2
Output size: 500x500

========================================
Performance Statistics
========================================
Total time:          0.011903 seconds (100.0%)
Computation time:    0.005463 seconds (45.9%)
Communication time:  0.006332 seconds (53.2%)
  - Broadcast:       0.005803 seconds
  - Memory copy:     0.000529 seconds

Communication Statistics:
  - MPI_Bcast calls: 500
  - Bytes transferred: 1.92 MB
  - Output elements: 250000
========================================

[4 cores] 1000x1000 matrix, kernel 10x10, stride (3,3)
Generating random 1000x1000 input and 10x10 kernel with stride 3x3
Running mpi mode: MPI processes=4, OpenMP threads=1
Input size: 1000x1000, Kernel: 10x10, Stride: 3x3
Output size: 334x334

========================================
Performance Statistics
========================================
Total time:          0.006162 seconds (100.0%)
Computation time:    0.002393 seconds (38.8%)
Communication time:  0.003671 seconds (59.6%)
  - Broadcast:       0.003136 seconds
  - Memory copy:     0.000534 seconds

Communication Statistics:
  - MPI_Bcast calls: 334
  - Bytes transferred: 1.40 MB
  - Output elements: 111556
========================================

[4 cores] 1000x1000 matrix, kernel 10x10, stride (5,5)
Generating random 1000x1000 input and 10x10 kernel with stride 5x5
Running mpi mode: MPI processes=4, OpenMP threads=1
Input size: 1000x1000, Kernel: 10x10, Stride: 5x5
Output size: 200x200

========================================
Performance Statistics
========================================
Total time:          0.003224 seconds (100.0%)
Computation time:    0.000854 seconds (26.5%)
Communication time:  0.002277 seconds (70.6%)
  - Broadcast:       0.001732 seconds
  - Memory copy:     0.000545 seconds

Communication Statistics:
  - MPI_Bcast calls: 200
  - Bytes transferred: 1.11 MB
  - Output elements: 40000
========================================

[4 cores] 1000x1000 matrix, kernel 10x10, stride (10,10)
Generating random 1000x1000 input and 10x10 kernel with stride 10x10
Running mpi mode: MPI processes=4, OpenMP threads=1
Input size: 1000x1000, Kernel: 10x10, Stride: 10x10
Output size: 100x100

========================================
Performance Statistics
========================================
Total time:          0.001548 seconds (100.0%)
Computation time:    0.000216 seconds (14.0%)
Communication time:  0.001242 seconds (80.2%)
  - Broadcast:       0.000725 seconds
  - Memory copy:     0.000517 seconds

Communication Statistics:
  - MPI_Bcast calls: 100
  - Bytes transferred: 0.98 MB
  - Output elements: 10000
========================================

--- 1000x1000 matrix, kernel 100x100 ---

[4 cores] 1000x1000 matrix, kernel 100x100, stride (2,2)
Generating random 1000x1000 input and 100x100 kernel with stride 2x2
Running mpi mode: MPI processes=4, OpenMP threads=1
Input size: 1000x1000, Kernel: 100x100, Stride: 2x2
Output size: 500x500

========================================
Performance Statistics
========================================
Total time:          0.549749 seconds (100.0%)
Computation time:    0.518394 seconds (94.3%)
Communication time:  0.031244 seconds (5.7%)
  - Broadcast:       0.030625 seconds
  - Memory copy:     0.000619 seconds

Communication Statistics:
  - MPI_Bcast calls: 500
  - Bytes transferred: 2.09 MB
  - Output elements: 250000
========================================

[4 cores] 1000x1000 matrix, kernel 100x100, stride (3,3)
Generating random 1000x1000 input and 100x100 kernel with stride 3x3
Running mpi mode: MPI processes=4, OpenMP threads=1
Input size: 1000x1000, Kernel: 100x100, Stride: 3x3
Output size: 334x334

========================================
Performance Statistics
========================================
Total time:          0.247547 seconds (100.0%)
Computation time:    0.232099 seconds (93.8%)
Communication time:  0.015329 seconds (6.2%)
  - Broadcast:       0.014706 seconds
  - Memory copy:     0.000622 seconds

Communication Statistics:
  - MPI_Bcast calls: 334
  - Bytes transferred: 1.57 MB
  - Output elements: 111556
========================================

[4 cores] 1000x1000 matrix, kernel 100x100, stride (5,5)
Generating random 1000x1000 input and 100x100 kernel with stride 5x5
Running mpi mode: MPI processes=4, OpenMP threads=1
Input size: 1000x1000, Kernel: 100x100, Stride: 5x5
Output size: 200x200

========================================
Performance Statistics
========================================
Total time:          0.089606 seconds (100.0%)
Computation time:    0.082660 seconds (92.2%)
Communication time:  0.006829 seconds (7.6%)
  - Broadcast:       0.006212 seconds
  - Memory copy:     0.000616 seconds

Communication Statistics:
  - MPI_Bcast calls: 200
  - Bytes transferred: 1.28 MB
  - Output elements: 40000
========================================

[4 cores] 1000x1000 matrix, kernel 100x100, stride (10,10)
Generating random 1000x1000 input and 100x100 kernel with stride 10x10
Running mpi mode: MPI processes=4, OpenMP threads=1
Input size: 1000x1000, Kernel: 100x100, Stride: 10x10
Output size: 100x100

========================================
Performance Statistics
========================================
Total time:          0.023303 seconds (100.0%)
Computation time:    0.020762 seconds (89.1%)
Communication time:  0.002428 seconds (10.4%)
  - Broadcast:       0.001808 seconds
  - Memory copy:     0.000620 seconds

Communication Statistics:
  - MPI_Bcast calls: 100
  - Bytes transferred: 1.15 MB
  - Output elements: 10000
========================================

==========================================
Testing with 8 cores (Pure MPI)
==========================================
MPI Processes: 8 (1 process per core, no OpenMP)

--- 100x100 matrix, kernel 3x3 ---

[8 cores] 100x100 matrix, kernel 3x3, stride (2,2)
Generating random 100x100 input and 3x3 kernel with stride 2x2
Running mpi mode: MPI processes=8, OpenMP threads=1
Input size: 100x100, Kernel: 3x3, Stride: 2x2
Output size: 50x50

========================================
Performance Statistics
========================================
Total time:          0.000421 seconds (100.0%)
Computation time:    0.000003 seconds (0.8%)
Communication time:  0.000416 seconds (98.8%)
  - Broadcast:       0.000408 seconds
  - Memory copy:     0.000008 seconds

Communication Statistics:
  - MPI_Bcast calls: 50
  - Bytes transferred: 0.01 MB
  - Output elements: 2500
========================================

[8 cores] 100x100 matrix, kernel 3x3, stride (3,3)
Generating random 100x100 input and 3x3 kernel with stride 3x3
Running mpi mode: MPI processes=8, OpenMP threads=1
Input size: 100x100, Kernel: 3x3, Stride: 3x3
Output size: 34x34

========================================
Performance Statistics
========================================
Total time:          0.000129 seconds (100.0%)
Computation time:    0.000002 seconds (1.4%)
Communication time:  0.000125 seconds (97.0%)
  - Broadcast:       0.000119 seconds
  - Memory copy:     0.000006 seconds

Communication Statistics:
  - MPI_Bcast calls: 34
  - Bytes transferred: 0.01 MB
  - Output elements: 1156
========================================

[8 cores] 100x100 matrix, kernel 3x3, stride (5,5)
Generating random 100x100 input and 3x3 kernel with stride 5x5
Running mpi mode: MPI processes=8, OpenMP threads=1
Input size: 100x100, Kernel: 3x3, Stride: 5x5
Output size: 20x20

========================================
Performance Statistics
========================================
Total time:          0.000091 seconds (100.0%)
Computation time:    0.000001 seconds (0.9%)
Communication time:  0.000088 seconds (96.9%)
  - Broadcast:       0.000082 seconds
  - Memory copy:     0.000006 seconds

Communication Statistics:
  - MPI_Bcast calls: 20
  - Bytes transferred: 0.01 MB
  - Output elements: 400
========================================

[8 cores] 100x100 matrix, kernel 3x3, stride (10,10)
Generating random 100x100 input and 3x3 kernel with stride 10x10
Running mpi mode: MPI processes=8, OpenMP threads=1
Input size: 100x100, Kernel: 3x3, Stride: 10x10
Output size: 10x10

========================================
Performance Statistics
========================================
Total time:          0.000062 seconds (100.0%)
Computation time:    0.000000 seconds (0.7%)
Communication time:  0.000059 seconds (95.8%)
  - Broadcast:       0.000055 seconds
  - Memory copy:     0.000004 seconds

Communication Statistics:
  - MPI_Bcast calls: 10
  - Bytes transferred: 0.00 MB
  - Output elements: 100
========================================

--- 1000x1000 matrix, kernel 3x3 ---

[8 cores] 1000x1000 matrix, kernel 3x3, stride (2,2)
Generating random 1000x1000 input and 3x3 kernel with stride 2x2
Running mpi mode: MPI processes=8, OpenMP threads=1
Input size: 1000x1000, Kernel: 3x3, Stride: 2x2
Output size: 500x500

========================================
Performance Statistics
========================================
Total time:          0.009298 seconds (100.0%)
Computation time:    0.000305 seconds (3.3%)
Communication time:  0.008943 seconds (96.2%)
  - Broadcast:       0.008685 seconds
  - Memory copy:     0.000258 seconds

Communication Statistics:
  - MPI_Bcast calls: 500
  - Bytes transferred: 1.43 MB
  - Output elements: 250000
========================================

[8 cores] 1000x1000 matrix, kernel 3x3, stride (3,3)
Generating random 1000x1000 input and 3x3 kernel with stride 3x3
Running mpi mode: MPI processes=8, OpenMP threads=1
Input size: 1000x1000, Kernel: 3x3, Stride: 3x3
Output size: 334x334

========================================
Performance Statistics
========================================
Total time:          0.005093 seconds (100.0%)
Computation time:    0.000127 seconds (2.5%)
Communication time:  0.004912 seconds (96.4%)
  - Broadcast:       0.004642 seconds
  - Memory copy:     0.000270 seconds

Communication Statistics:
  - MPI_Bcast calls: 334
  - Bytes transferred: 0.90 MB
  - Output elements: 111556
========================================

[8 cores] 1000x1000 matrix, kernel 3x3, stride (5,5)
Generating random 1000x1000 input and 3x3 kernel with stride 5x5
Running mpi mode: MPI processes=8, OpenMP threads=1
Input size: 1000x1000, Kernel: 3x3, Stride: 5x5
Output size: 200x200

========================================
Performance Statistics
========================================
Total time:          0.002447 seconds (100.0%)
Computation time:    0.000045 seconds (1.9%)
Communication time:  0.002343 seconds (95.8%)
  - Broadcast:       0.002082 seconds
  - Memory copy:     0.000261 seconds

Communication Statistics:
  - MPI_Bcast calls: 200
  - Bytes transferred: 0.62 MB
  - Output elements: 40000
========================================

[8 cores] 1000x1000 matrix, kernel 3x3, stride (10,10)
Generating random 1000x1000 input and 3x3 kernel with stride 10x10
Running mpi mode: MPI processes=8, OpenMP threads=1
Input size: 1000x1000, Kernel: 3x3, Stride: 10x10
Output size: 100x100

========================================
Performance Statistics
========================================
Total time:          0.001251 seconds (100.0%)
Computation time:    0.000012 seconds (1.0%)
Communication time:  0.001185 seconds (94.7%)
  - Broadcast:       0.000930 seconds
  - Memory copy:     0.000254 seconds

Communication Statistics:
  - MPI_Bcast calls: 100
  - Bytes transferred: 0.50 MB
  - Output elements: 10000
========================================

--- 10000x10000 matrix, kernel 3x3 ---

[8 cores] 10000x10000 matrix, kernel 3x3, stride (2,2)
Generating random 10000x10000 input and 3x3 kernel with stride 2x2
Running mpi mode: MPI processes=8, OpenMP threads=1
Input size: 10000x10000, Kernel: 3x3, Stride: 2x2
Output size: 5000x5000

========================================
Performance Statistics
========================================
Total time:          0.403446 seconds (100.0%)
Computation time:    0.032441 seconds (8.0%)
Communication time:  0.367458 seconds (91.1%)
  - Broadcast:       0.340449 seconds
  - Memory copy:     0.027009 seconds

Communication Statistics:
  - MPI_Bcast calls: 5000
  - Bytes transferred: 143.05 MB
  - Output elements: 25000000
========================================

[8 cores] 10000x10000 matrix, kernel 3x3, stride (3,3)
Generating random 10000x10000 input and 3x3 kernel with stride 3x3
Running mpi mode: MPI processes=8, OpenMP threads=1
Input size: 10000x10000, Kernel: 3x3, Stride: 3x3
Output size: 3334x3334

========================================
Performance Statistics
========================================
Total time:          0.207948 seconds (100.0%)
Computation time:    0.014240 seconds (6.8%)
Communication time:  0.190182 seconds (91.5%)
  - Broadcast:       0.163525 seconds
  - Memory copy:     0.026657 seconds

Communication Statistics:
  - MPI_Bcast calls: 3334
  - Bytes transferred: 90.09 MB
  - Output elements: 11115556
========================================

[8 cores] 10000x10000 matrix, kernel 3x3, stride (5,5)
Generating random 10000x10000 input and 3x3 kernel with stride 5x5
Running mpi mode: MPI processes=8, OpenMP threads=1
Input size: 10000x10000, Kernel: 3x3, Stride: 5x5
Output size: 2000x2000

========================================
Performance Statistics
========================================
Total time:          0.088474 seconds (100.0%)
Computation time:    0.005030 seconds (5.7%)
Communication time:  0.079818 seconds (90.2%)
  - Broadcast:       0.052843 seconds
  - Memory copy:     0.026975 seconds

Communication Statistics:
  - MPI_Bcast calls: 2000
  - Bytes transferred: 62.83 MB
  - Output elements: 4000000
========================================

[8 cores] 10000x10000 matrix, kernel 3x3, stride (10,10)
Generating random 10000x10000 input and 3x3 kernel with stride 10x10
Running mpi mode: MPI processes=8, OpenMP threads=1
Input size: 10000x10000, Kernel: 3x3, Stride: 10x10
Output size: 1000x1000

========================================
Performance Statistics
========================================
Total time:          0.054604 seconds (100.0%)
Computation time:    0.001165 seconds (2.1%)
Communication time:  0.049853 seconds (91.3%)
  - Broadcast:       0.023115 seconds
  - Memory copy:     0.026739 seconds

Communication Statistics:
  - MPI_Bcast calls: 1000
  - Bytes transferred: 51.19 MB
  - Output elements: 1000000
========================================

--- 1000x1000 matrix, kernel 10x10 ---

[8 cores] 1000x1000 matrix, kernel 10x10, stride (2,2)
Generating random 1000x1000 input and 10x10 kernel with stride 2x2
Running mpi mode: MPI processes=8, OpenMP threads=1
Input size: 1000x1000, Kernel: 10x10, Stride: 2x2
Output size: 500x500

========================================
Performance Statistics
========================================
Total time:          0.011650 seconds (100.0%)
Computation time:    0.002683 seconds (23.0%)
Communication time:  0.008907 seconds (76.5%)
  - Broadcast:       0.008642 seconds
  - Memory copy:     0.000266 seconds

Communication Statistics:
  - MPI_Bcast calls: 500
  - Bytes transferred: 1.45 MB
  - Output elements: 250000
========================================

[8 cores] 1000x1000 matrix, kernel 10x10, stride (3,3)
Generating random 1000x1000 input and 10x10 kernel with stride 3x3
Running mpi mode: MPI processes=8, OpenMP threads=1
Input size: 1000x1000, Kernel: 10x10, Stride: 3x3
Output size: 334x334

========================================
Performance Statistics
========================================
Total time:          0.006152 seconds (100.0%)
Computation time:    0.001187 seconds (19.3%)
Communication time:  0.004919 seconds (79.9%)
  - Broadcast:       0.004648 seconds
  - Memory copy:     0.000271 seconds

Communication Statistics:
  - MPI_Bcast calls: 334
  - Bytes transferred: 0.92 MB
  - Output elements: 111556
========================================

[8 cores] 1000x1000 matrix, kernel 10x10, stride (5,5)
Generating random 1000x1000 input and 10x10 kernel with stride 5x5
Running mpi mode: MPI processes=8, OpenMP threads=1
Input size: 1000x1000, Kernel: 10x10, Stride: 5x5
Output size: 200x200

========================================
Performance Statistics
========================================
Total time:          0.002990 seconds (100.0%)
Computation time:    0.000424 seconds (14.2%)
Communication time:  0.002510 seconds (83.9%)
  - Broadcast:       0.002249 seconds
  - Memory copy:     0.000261 seconds

Communication Statistics:
  - MPI_Bcast calls: 200
  - Bytes transferred: 0.63 MB
  - Output elements: 40000
========================================

[8 cores] 1000x1000 matrix, kernel 10x10, stride (10,10)
Generating random 1000x1000 input and 10x10 kernel with stride 10x10
Running mpi mode: MPI processes=8, OpenMP threads=1
Input size: 1000x1000, Kernel: 10x10, Stride: 10x10
Output size: 100x100

========================================
Performance Statistics
========================================
Total time:          0.001374 seconds (100.0%)
Computation time:    0.000109 seconds (8.0%)
Communication time:  0.001217 seconds (88.6%)
  - Broadcast:       0.000959 seconds
  - Memory copy:     0.000259 seconds

Communication Statistics:
  - MPI_Bcast calls: 100
  - Bytes transferred: 0.52 MB
  - Output elements: 10000
========================================

--- 1000x1000 matrix, kernel 100x100 ---

[8 cores] 1000x1000 matrix, kernel 100x100, stride (2,2)
Generating random 1000x1000 input and 100x100 kernel with stride 2x2
Running mpi mode: MPI processes=8, OpenMP threads=1
Input size: 1000x1000, Kernel: 100x100, Stride: 2x2
Output size: 500x500

========================================
Performance Statistics
========================================
Total time:          0.282499 seconds (100.0%)
Computation time:    0.247879 seconds (87.7%)
Communication time:  0.034559 seconds (12.2%)
  - Broadcast:       0.034205 seconds
  - Memory copy:     0.000354 seconds

Communication Statistics:
  - MPI_Bcast calls: 500
  - Bytes transferred: 1.62 MB
  - Output elements: 250000
========================================

[8 cores] 1000x1000 matrix, kernel 100x100, stride (3,3)
Generating random 1000x1000 input and 100x100 kernel with stride 3x3
Running mpi mode: MPI processes=8, OpenMP threads=1
Input size: 1000x1000, Kernel: 100x100, Stride: 3x3
Output size: 334x334

========================================
Performance Statistics
========================================
Total time:          0.128894 seconds (100.0%)
Computation time:    0.110265 seconds (85.5%)
Communication time:  0.018549 seconds (14.4%)
  - Broadcast:       0.018191 seconds
  - Memory copy:     0.000358 seconds

Communication Statistics:
  - MPI_Bcast calls: 334
  - Bytes transferred: 1.09 MB
  - Output elements: 111556
========================================

[8 cores] 1000x1000 matrix, kernel 100x100, stride (5,5)
Generating random 1000x1000 input and 100x100 kernel with stride 5x5
Running mpi mode: MPI processes=8, OpenMP threads=1
Input size: 1000x1000, Kernel: 100x100, Stride: 5x5
Output size: 200x200

========================================
Performance Statistics
========================================
Total time:          0.046210 seconds (100.0%)
Computation time:    0.038995 seconds (84.4%)
Communication time:  0.007152 seconds (15.5%)
  - Broadcast:       0.006796 seconds
  - Memory copy:     0.000356 seconds

Communication Statistics:
  - MPI_Bcast calls: 200
  - Bytes transferred: 0.80 MB
  - Output elements: 40000
========================================

[8 cores] 1000x1000 matrix, kernel 100x100, stride (10,10)
Generating random 1000x1000 input and 100x100 kernel with stride 10x10
Running mpi mode: MPI processes=8, OpenMP threads=1
Input size: 1000x1000, Kernel: 100x100, Stride: 10x10
Output size: 100x100

========================================
Performance Statistics
========================================
Total time:          0.012795 seconds (100.0%)
Computation time:    0.010144 seconds (79.3%)
Communication time:  0.002588 seconds (20.2%)
  - Broadcast:       0.002232 seconds
  - Memory copy:     0.000356 seconds

Communication Statistics:
  - MPI_Bcast calls: 100
  - Bytes transferred: 0.69 MB
  - Output elements: 10000
========================================

==========================================
Testing with 16 cores (Pure MPI)
==========================================
MPI Processes: 16 (1 process per core, no OpenMP)

--- 100x100 matrix, kernel 3x3 ---

[16 cores] 100x100 matrix, kernel 3x3, stride (2,2)
Generating random 100x100 input and 3x3 kernel with stride 2x2
Running mpi mode: MPI processes=16, OpenMP threads=1
Input size: 100x100, Kernel: 3x3, Stride: 2x2
Output size: 50x50

========================================
Performance Statistics
========================================
Total time:          0.000494 seconds (100.0%)
Computation time:    0.000002 seconds (0.4%)
Communication time:  0.000490 seconds (99.3%)
  - Broadcast:       0.000486 seconds
  - Memory copy:     0.000004 seconds

Communication Statistics:
  - MPI_Bcast calls: 50
  - Bytes transferred: 0.01 MB
  - Output elements: 2500
========================================

[16 cores] 100x100 matrix, kernel 3x3, stride (3,3)
Generating random 100x100 input and 3x3 kernel with stride 3x3
Running mpi mode: MPI processes=16, OpenMP threads=1
Input size: 100x100, Kernel: 3x3, Stride: 3x3
Output size: 34x34

========================================
Performance Statistics
========================================
Total time:          0.000181 seconds (100.0%)
Computation time:    0.000001 seconds (0.7%)
Communication time:  0.000178 seconds (98.4%)
  - Broadcast:       0.000175 seconds
  - Memory copy:     0.000003 seconds

Communication Statistics:
  - MPI_Bcast calls: 34
  - Bytes transferred: 0.01 MB
  - Output elements: 1156
========================================

[16 cores] 100x100 matrix, kernel 3x3, stride (5,5)
Generating random 100x100 input and 3x3 kernel with stride 5x5
Running mpi mode: MPI processes=16, OpenMP threads=1
Input size: 100x100, Kernel: 3x3, Stride: 5x5
Output size: 20x20

========================================
Performance Statistics
========================================
Total time:          0.000120 seconds (100.0%)
Computation time:    0.000001 seconds (0.5%)
Communication time:  0.000118 seconds (98.1%)
  - Broadcast:       0.000116 seconds
  - Memory copy:     0.000002 seconds

Communication Statistics:
  - MPI_Bcast calls: 20
  - Bytes transferred: 0.00 MB
  - Output elements: 400
========================================

[16 cores] 100x100 matrix, kernel 3x3, stride (10,10)
Generating random 100x100 input and 3x3 kernel with stride 10x10
Running mpi mode: MPI processes=16, OpenMP threads=1
Input size: 100x100, Kernel: 3x3, Stride: 10x10
Output size: 10x10

========================================
Performance Statistics
========================================
Total time:          0.000067 seconds (100.0%)
Computation time:    0.000000 seconds (0.4%)
Communication time:  0.000065 seconds (96.9%)
  - Broadcast:       0.000063 seconds
  - Memory copy:     0.000002 seconds

Communication Statistics:
  - MPI_Bcast calls: 10
  - Bytes transferred: 0.00 MB
  - Output elements: 100
========================================

--- 1000x1000 matrix, kernel 3x3 ---

[16 cores] 1000x1000 matrix, kernel 3x3, stride (2,2)
Generating random 1000x1000 input and 3x3 kernel with stride 2x2
Running mpi mode: MPI processes=16, OpenMP threads=1
Input size: 1000x1000, Kernel: 3x3, Stride: 2x2
Output size: 500x500

========================================
Performance Statistics
========================================
Total time:          0.010079 seconds (100.0%)
Computation time:    0.000141 seconds (1.4%)
Communication time:  0.009910 seconds (98.3%)
  - Broadcast:       0.009771 seconds
  - Memory copy:     0.000139 seconds

Communication Statistics:
  - MPI_Bcast calls: 500
  - Bytes transferred: 1.20 MB
  - Output elements: 250000
========================================

[16 cores] 1000x1000 matrix, kernel 3x3, stride (3,3)
Generating random 1000x1000 input and 3x3 kernel with stride 3x3
Running mpi mode: MPI processes=16, OpenMP threads=1
Input size: 1000x1000, Kernel: 3x3, Stride: 3x3
Output size: 334x334

========================================
Performance Statistics
========================================
Total time:          0.005354 seconds (100.0%)
Computation time:    0.000062 seconds (1.2%)
Communication time:  0.005262 seconds (98.3%)
  - Broadcast:       0.005129 seconds
  - Memory copy:     0.000133 seconds

Communication Statistics:
  - MPI_Bcast calls: 334
  - Bytes transferred: 0.66 MB
  - Output elements: 111556
========================================

[16 cores] 1000x1000 matrix, kernel 3x3, stride (5,5)
Generating random 1000x1000 input and 3x3 kernel with stride 5x5
Running mpi mode: MPI processes=16, OpenMP threads=1
Input size: 1000x1000, Kernel: 3x3, Stride: 5x5
Output size: 200x200

========================================
Performance Statistics
========================================
Total time:          0.002667 seconds (100.0%)
Computation time:    0.000023 seconds (0.9%)
Communication time:  0.002616 seconds (98.1%)
  - Broadcast:       0.002482 seconds
  - Memory copy:     0.000133 seconds

Communication Statistics:
  - MPI_Bcast calls: 200
  - Bytes transferred: 0.39 MB
  - Output elements: 40000
========================================

[16 cores] 1000x1000 matrix, kernel 3x3, stride (10,10)
Generating random 1000x1000 input and 3x3 kernel with stride 10x10
Running mpi mode: MPI processes=16, OpenMP threads=1
Input size: 1000x1000, Kernel: 3x3, Stride: 10x10
Output size: 100x100

========================================
Performance Statistics
========================================
Total time:          0.001258 seconds (100.0%)
Computation time:    0.000006 seconds (0.5%)
Communication time:  0.001226 seconds (97.5%)
  - Broadcast:       0.001096 seconds
  - Memory copy:     0.000131 seconds

Communication Statistics:
  - MPI_Bcast calls: 100
  - Bytes transferred: 0.27 MB
  - Output elements: 10000
========================================

--- 10000x10000 matrix, kernel 3x3 ---

[16 cores] 10000x10000 matrix, kernel 3x3, stride (2,2)
Generating random 10000x10000 input and 3x3 kernel with stride 2x2
Running mpi mode: MPI processes=16, OpenMP threads=1
Input size: 10000x10000, Kernel: 3x3, Stride: 2x2
Output size: 5000x5000

========================================
Performance Statistics
========================================
Total time:          0.447496 seconds (100.0%)
Computation time:    0.016192 seconds (3.6%)
Communication time:  0.429493 seconds (96.0%)
  - Broadcast:       0.416080 seconds
  - Memory copy:     0.013413 seconds

Communication Statistics:
  - MPI_Bcast calls: 5000
  - Bytes transferred: 119.25 MB
  - Output elements: 25000000
========================================

[16 cores] 10000x10000 matrix, kernel 3x3, stride (3,3)
Generating random 10000x10000 input and 3x3 kernel with stride 3x3
Running mpi mode: MPI processes=16, OpenMP threads=1
Input size: 10000x10000, Kernel: 3x3, Stride: 3x3
Output size: 3334x3334

========================================
Performance Statistics
========================================
Total time:          0.220368 seconds (100.0%)
Computation time:    0.007135 seconds (3.2%)
Communication time:  0.211521 seconds (96.0%)
  - Broadcast:       0.198402 seconds
  - Memory copy:     0.013119 seconds

Communication Statistics:
  - MPI_Bcast calls: 3334
  - Bytes transferred: 66.28 MB
  - Output elements: 11115556
========================================

[16 cores] 10000x10000 matrix, kernel 3x3, stride (5,5)
Generating random 10000x10000 input and 3x3 kernel with stride 5x5
Running mpi mode: MPI processes=16, OpenMP threads=1
Input size: 10000x10000, Kernel: 3x3, Stride: 5x5
Output size: 2000x2000

========================================
Performance Statistics
========================================
Total time:          0.080563 seconds (100.0%)
Computation time:    0.002541 seconds (3.2%)
Communication time:  0.076296 seconds (94.7%)
  - Broadcast:       0.062940 seconds
  - Memory copy:     0.013356 seconds

Communication Statistics:
  - MPI_Bcast calls: 2000
  - Bytes transferred: 38.99 MB
  - Output elements: 4000000
========================================

[16 cores] 10000x10000 matrix, kernel 3x3, stride (10,10)
Generating random 10000x10000 input and 3x3 kernel with stride 10x10
Running mpi mode: MPI processes=16, OpenMP threads=1
Input size: 10000x10000, Kernel: 3x3, Stride: 10x10
Output size: 1000x1000

========================================
Performance Statistics
========================================
Total time:          0.042332 seconds (100.0%)
Computation time:    0.000607 seconds (1.4%)
Communication time:  0.040003 seconds (94.5%)
  - Broadcast:       0.026441 seconds
  - Memory copy:     0.013561 seconds

Communication Statistics:
  - MPI_Bcast calls: 1000
  - Bytes transferred: 27.54 MB
  - Output elements: 1000000
========================================

--- 1000x1000 matrix, kernel 10x10 ---

[16 cores] 1000x1000 matrix, kernel 10x10, stride (2,2)
Generating random 1000x1000 input and 10x10 kernel with stride 2x2
Running mpi mode: MPI processes=16, OpenMP threads=1
Input size: 1000x1000, Kernel: 10x10, Stride: 2x2
Output size: 500x500

========================================
Performance Statistics
========================================
Total time:          0.011334 seconds (100.0%)
Computation time:    0.001347 seconds (11.9%)
Communication time:  0.009950 seconds (87.8%)
  - Broadcast:       0.009801 seconds
  - Memory copy:     0.000148 seconds

Communication Statistics:
  - MPI_Bcast calls: 500
  - Bytes transferred: 1.21 MB
  - Output elements: 250000
========================================

[16 cores] 1000x1000 matrix, kernel 10x10, stride (3,3)
Generating random 1000x1000 input and 10x10 kernel with stride 3x3
Running mpi mode: MPI processes=16, OpenMP threads=1
Input size: 1000x1000, Kernel: 10x10, Stride: 3x3
Output size: 334x334

========================================
Performance Statistics
========================================
Total time:          0.005971 seconds (100.0%)
Computation time:    0.000638 seconds (10.7%)
Communication time:  0.005308 seconds (88.9%)
  - Broadcast:       0.005165 seconds
  - Memory copy:     0.000143 seconds

Communication Statistics:
  - MPI_Bcast calls: 334
  - Bytes transferred: 0.68 MB
  - Output elements: 111556
========================================

[16 cores] 1000x1000 matrix, kernel 10x10, stride (5,5)
Generating random 1000x1000 input and 10x10 kernel with stride 5x5
Running mpi mode: MPI processes=16, OpenMP threads=1
Input size: 1000x1000, Kernel: 10x10, Stride: 5x5
Output size: 200x200

========================================
Performance Statistics
========================================
Total time:          0.002903 seconds (100.0%)
Computation time:    0.000216 seconds (7.5%)
Communication time:  0.002651 seconds (91.3%)
  - Broadcast:       0.002509 seconds
  - Memory copy:     0.000142 seconds

Communication Statistics:
  - MPI_Bcast calls: 200
  - Bytes transferred: 0.40 MB
  - Output elements: 40000
========================================

[16 cores] 1000x1000 matrix, kernel 10x10, stride (10,10)
Generating random 1000x1000 input and 10x10 kernel with stride 10x10
Running mpi mode: MPI processes=16, OpenMP threads=1
Input size: 1000x1000, Kernel: 10x10, Stride: 10x10
Output size: 100x100

========================================
Performance Statistics
========================================
Total time:          0.001352 seconds (100.0%)
Computation time:    0.000057 seconds (4.2%)
Communication time:  0.001260 seconds (93.2%)
  - Broadcast:       0.001117 seconds
  - Memory copy:     0.000143 seconds

Communication Statistics:
  - MPI_Bcast calls: 100
  - Bytes transferred: 0.29 MB
  - Output elements: 10000
========================================

--- 1000x1000 matrix, kernel 100x100 ---

[16 cores] 1000x1000 matrix, kernel 100x100, stride (2,2)
Generating random 1000x1000 input and 100x100 kernel with stride 2x2
Running mpi mode: MPI processes=16, OpenMP threads=1
Input size: 1000x1000, Kernel: 100x100, Stride: 2x2
Output size: 500x500

========================================
Performance Statistics
========================================
Total time:          0.160906 seconds (100.0%)
Computation time:    0.112507 seconds (69.9%)
Communication time:  0.048357 seconds (30.1%)
  - Broadcast:       0.048116 seconds
  - Memory copy:     0.000241 seconds

Communication Statistics:
  - MPI_Bcast calls: 500
  - Bytes transferred: 1.38 MB
  - Output elements: 250000
========================================

[16 cores] 1000x1000 matrix, kernel 100x100, stride (3,3)
Generating random 1000x1000 input and 100x100 kernel with stride 3x3
Running mpi mode: MPI processes=16, OpenMP threads=1
Input size: 1000x1000, Kernel: 100x100, Stride: 3x3
Output size: 334x334

========================================
Performance Statistics
========================================
Total time:          0.071062 seconds (100.0%)
Computation time:    0.049315 seconds (69.4%)
Communication time:  0.021705 seconds (30.5%)
  - Broadcast:       0.021471 seconds
  - Memory copy:     0.000235 seconds

Communication Statistics:
  - MPI_Bcast calls: 334
  - Bytes transferred: 0.85 MB
  - Output elements: 111556
========================================

[16 cores] 1000x1000 matrix, kernel 100x100, stride (5,5)
Generating random 1000x1000 input and 100x100 kernel with stride 5x5
Running mpi mode: MPI processes=16, OpenMP threads=1
Input size: 1000x1000, Kernel: 100x100, Stride: 5x5
Output size: 200x200

========================================
Performance Statistics
========================================
Total time:          0.026659 seconds (100.0%)
Computation time:    0.018257 seconds (68.5%)
Communication time:  0.008355 seconds (31.3%)
  - Broadcast:       0.008125 seconds
  - Memory copy:     0.000230 seconds

Communication Statistics:
  - MPI_Bcast calls: 200
  - Bytes transferred: 0.58 MB
  - Output elements: 40000
========================================

[16 cores] 1000x1000 matrix, kernel 100x100, stride (10,10)
Generating random 1000x1000 input and 100x100 kernel with stride 10x10
Running mpi mode: MPI processes=16, OpenMP threads=1
Input size: 1000x1000, Kernel: 100x100, Stride: 10x10
Output size: 100x100

========================================
Performance Statistics
========================================
Total time:          0.007522 seconds (100.0%)
Computation time:    0.004844 seconds (64.4%)
Communication time:  0.002635 seconds (35.0%)
  - Broadcast:       0.002399 seconds
  - Memory copy:     0.000236 seconds

Communication Statistics:
  - MPI_Bcast calls: 100
  - Bytes transferred: 0.46 MB
  - Output elements: 10000
========================================

==========================================
Testing with 32 cores (Pure MPI)
==========================================
MPI Processes: 32 (1 process per core, no OpenMP)

--- 100x100 matrix, kernel 3x3 ---

[32 cores] 100x100 matrix, kernel 3x3, stride (2,2)
Generating random 100x100 input and 3x3 kernel with stride 2x2
Running mpi mode: MPI processes=32, OpenMP threads=1
Input size: 100x100, Kernel: 3x3, Stride: 2x2
Output size: 50x50

========================================
Performance Statistics
========================================
Total time:          0.000547 seconds (100.0%)
Computation time:    0.000001 seconds (0.2%)
Communication time:  0.000545 seconds (99.5%)
  - Broadcast:       0.000543 seconds
  - Memory copy:     0.000002 seconds

Communication Statistics:
  - MPI_Bcast calls: 50
  - Bytes transferred: 0.01 MB
  - Output elements: 2500
========================================

[32 cores] 100x100 matrix, kernel 3x3, stride (3,3)
Generating random 100x100 input and 3x3 kernel with stride 3x3
Running mpi mode: MPI processes=32, OpenMP threads=1
Input size: 100x100, Kernel: 3x3, Stride: 3x3
Output size: 34x34

========================================
Performance Statistics
========================================
Total time:          0.000208 seconds (100.0%)
Computation time:    0.000001 seconds (0.4%)
Communication time:  0.000205 seconds (98.9%)
  - Broadcast:       0.000204 seconds
  - Memory copy:     0.000002 seconds

Communication Statistics:
  - MPI_Bcast calls: 34
  - Bytes transferred: 0.01 MB
  - Output elements: 1156
========================================

[32 cores] 100x100 matrix, kernel 3x3, stride (5,5)
Generating random 100x100 input and 3x3 kernel with stride 5x5
Running mpi mode: MPI processes=32, OpenMP threads=1
Input size: 100x100, Kernel: 3x3, Stride: 5x5
Output size: 20x20

========================================
Performance Statistics
========================================
Total time:          0.000152 seconds (100.0%)
Computation time:    0.000000 seconds (0.2%)
Communication time:  0.000150 seconds (98.8%)
  - Broadcast:       0.000148 seconds
  - Memory copy:     0.000002 seconds

Communication Statistics:
  - MPI_Bcast calls: 20
  - Bytes transferred: 0.00 MB
  - Output elements: 400
========================================

[32 cores] 100x100 matrix, kernel 3x3, stride (10,10)
Generating random 100x100 input and 3x3 kernel with stride 10x10
Running mpi mode: MPI processes=32, OpenMP threads=1
Input size: 100x100, Kernel: 3x3, Stride: 10x10
Output size: 10x10

========================================
Performance Statistics
========================================
Total time:          0.000078 seconds (100.0%)
Computation time:    0.000000 seconds (0.3%)
Communication time:  0.000076 seconds (97.3%)
  - Broadcast:       0.000074 seconds
  - Memory copy:     0.000002 seconds

Communication Statistics:
  - MPI_Bcast calls: 10
  - Bytes transferred: 0.00 MB
  - Output elements: 100
========================================

--- 1000x1000 matrix, kernel 3x3 ---

[32 cores] 1000x1000 matrix, kernel 3x3, stride (2,2)
Generating random 1000x1000 input and 3x3 kernel with stride 2x2
Running mpi mode: MPI processes=32, OpenMP threads=1
Input size: 1000x1000, Kernel: 3x3, Stride: 2x2
Output size: 500x500

========================================
Performance Statistics
========================================
Total time:          0.010827 seconds (100.0%)
Computation time:    0.000079 seconds (0.7%)
Communication time:  0.010734 seconds (99.1%)
  - Broadcast:       0.010664 seconds
  - Memory copy:     0.000070 seconds

Communication Statistics:
  - MPI_Bcast calls: 500
  - Bytes transferred: 1.08 MB
  - Output elements: 250000
========================================

[32 cores] 1000x1000 matrix, kernel 3x3, stride (3,3)
Generating random 1000x1000 input and 3x3 kernel with stride 3x3
Running mpi mode: MPI processes=32, OpenMP threads=1
Input size: 1000x1000, Kernel: 3x3, Stride: 3x3
Output size: 334x334

========================================
Performance Statistics
========================================
Total time:          0.005419 seconds (100.0%)
Computation time:    0.000035 seconds (0.7%)
Communication time:  0.005367 seconds (99.0%)
  - Broadcast:       0.005299 seconds
  - Memory copy:     0.000068 seconds

Communication Statistics:
  - MPI_Bcast calls: 334
  - Bytes transferred: 0.55 MB
  - Output elements: 111556
========================================

[32 cores] 1000x1000 matrix, kernel 3x3, stride (5,5)
Generating random 1000x1000 input and 3x3 kernel with stride 5x5
Running mpi mode: MPI processes=32, OpenMP threads=1
Input size: 1000x1000, Kernel: 3x3, Stride: 5x5
Output size: 200x200

========================================
Performance Statistics
========================================
Total time:          0.002849 seconds (100.0%)
Computation time:    0.000013 seconds (0.5%)
Communication time:  0.002821 seconds (99.0%)
  - Broadcast:       0.002751 seconds
  - Memory copy:     0.000070 seconds

Communication Statistics:
  - MPI_Bcast calls: 200
  - Bytes transferred: 0.27 MB
  - Output elements: 40000
========================================

[32 cores] 1000x1000 matrix, kernel 3x3, stride (10,10)
Generating random 1000x1000 input and 3x3 kernel with stride 10x10
Running mpi mode: MPI processes=32, OpenMP threads=1
Input size: 1000x1000, Kernel: 3x3, Stride: 10x10
Output size: 100x100

========================================
Performance Statistics
========================================
Total time:          0.001325 seconds (100.0%)
Computation time:    0.000004 seconds (0.3%)
Communication time:  0.001309 seconds (98.8%)
  - Broadcast:       0.001235 seconds
  - Memory copy:     0.000073 seconds

Communication Statistics:
  - MPI_Bcast calls: 100
  - Bytes transferred: 0.16 MB
  - Output elements: 10000
========================================

--- 10000x10000 matrix, kernel 3x3 ---

[32 cores] 10000x10000 matrix, kernel 3x3, stride (2,2)
Generating random 10000x10000 input and 3x3 kernel with stride 2x2
Running mpi mode: MPI processes=32, OpenMP threads=1
Input size: 10000x10000, Kernel: 3x3, Stride: 2x2
Output size: 5000x5000

========================================
Performance Statistics
========================================
Total time:          0.489460 seconds (100.0%)
Computation time:    0.008098 seconds (1.7%)
Communication time:  0.480389 seconds (98.1%)
  - Broadcast:       0.473545 seconds
  - Memory copy:     0.006844 seconds

Communication Statistics:
  - MPI_Bcast calls: 5000
  - Bytes transferred: 107.35 MB
  - Output elements: 25000000
========================================

[32 cores] 10000x10000 matrix, kernel 3x3, stride (3,3)
Generating random 10000x10000 input and 3x3 kernel with stride 3x3
Running mpi mode: MPI processes=32, OpenMP threads=1
Input size: 10000x10000, Kernel: 3x3, Stride: 3x3
Output size: 3334x3334

========================================
Performance Statistics
========================================
Total time:          0.242331 seconds (100.0%)
Computation time:    0.003558 seconds (1.5%)
Communication time:  0.237774 seconds (98.1%)
  - Broadcast:       0.230891 seconds
  - Memory copy:     0.006883 seconds

Communication Statistics:
  - MPI_Bcast calls: 3334
  - Bytes transferred: 54.38 MB
  - Output elements: 11115556
========================================

[32 cores] 10000x10000 matrix, kernel 3x3, stride (5,5)
Generating random 10000x10000 input and 3x3 kernel with stride 5x5
Running mpi mode: MPI processes=32, OpenMP threads=1
Input size: 10000x10000, Kernel: 3x3, Stride: 5x5
Output size: 2000x2000

========================================
Performance Statistics
========================================
Total time:          0.086835 seconds (100.0%)
Computation time:    0.001244 seconds (1.4%)
Communication time:  0.084620 seconds (97.4%)
  - Broadcast:       0.077853 seconds
  - Memory copy:     0.006767 seconds

Communication Statistics:
  - MPI_Bcast calls: 2000
  - Bytes transferred: 27.16 MB
  - Output elements: 4000000
========================================

[32 cores] 10000x10000 matrix, kernel 3x3, stride (10,10)
Generating random 10000x10000 input and 3x3 kernel with stride 10x10
Running mpi mode: MPI processes=32, OpenMP threads=1
Input size: 10000x10000, Kernel: 3x3, Stride: 10x10
Output size: 1000x1000

========================================
Performance Statistics
========================================
Total time:          0.038128 seconds (100.0%)
Computation time:    0.000412 seconds (1.1%)
Communication time:  0.036645 seconds (96.1%)
  - Broadcast:       0.029274 seconds
  - Memory copy:     0.007372 seconds

Communication Statistics:
  - MPI_Bcast calls: 1000
  - Bytes transferred: 15.72 MB
  - Output elements: 1000000
========================================

--- 1000x1000 matrix, kernel 10x10 ---

[32 cores] 1000x1000 matrix, kernel 10x10, stride (2,2)
Generating random 1000x1000 input and 10x10 kernel with stride 2x2
Running mpi mode: MPI processes=32, OpenMP threads=1
Input size: 1000x1000, Kernel: 10x10, Stride: 2x2
Output size: 500x500

========================================
Performance Statistics
========================================
Total time:          0.011368 seconds (100.0%)
Computation time:    0.000662 seconds (5.8%)
Communication time:  0.010680 seconds (93.9%)
  - Broadcast:       0.010605 seconds
  - Memory copy:     0.000075 seconds

Communication Statistics:
  - MPI_Bcast calls: 500
  - Bytes transferred: 1.09 MB
  - Output elements: 250000
========================================

[32 cores] 1000x1000 matrix, kernel 10x10, stride (3,3)
Generating random 1000x1000 input and 10x10 kernel with stride 3x3
Running mpi mode: MPI processes=32, OpenMP threads=1
Input size: 1000x1000, Kernel: 10x10, Stride: 3x3
Output size: 334x334

========================================
Performance Statistics
========================================
Total time:          0.005670 seconds (100.0%)
Computation time:    0.000301 seconds (5.3%)
Communication time:  0.005352 seconds (94.4%)
  - Broadcast:       0.005272 seconds
  - Memory copy:     0.000079 seconds

Communication Statistics:
  - MPI_Bcast calls: 334
  - Bytes transferred: 0.56 MB
  - Output elements: 111556
========================================

[32 cores] 1000x1000 matrix, kernel 10x10, stride (5,5)
Generating random 1000x1000 input and 10x10 kernel with stride 5x5
Running mpi mode: MPI processes=32, OpenMP threads=1
Input size: 1000x1000, Kernel: 10x10, Stride: 5x5
Output size: 200x200

========================================
Performance Statistics
========================================
Total time:          0.003011 seconds (100.0%)
Computation time:    0.000114 seconds (3.8%)
Communication time:  0.002880 seconds (95.6%)
  - Broadcast:       0.002807 seconds
  - Memory copy:     0.000072 seconds

Communication Statistics:
  - MPI_Bcast calls: 200
  - Bytes transferred: 0.29 MB
  - Output elements: 40000
========================================

[32 cores] 1000x1000 matrix, kernel 10x10, stride (10,10)
Generating random 1000x1000 input and 10x10 kernel with stride 10x10
Running mpi mode: MPI processes=32, OpenMP threads=1
Input size: 1000x1000, Kernel: 10x10, Stride: 10x10
Output size: 100x100

========================================
Performance Statistics
========================================
Total time:          0.001394 seconds (100.0%)
Computation time:    0.000032 seconds (2.3%)
Communication time:  0.001345 seconds (96.5%)
  - Broadcast:       0.001262 seconds
  - Memory copy:     0.000083 seconds

Communication Statistics:
  - MPI_Bcast calls: 100
  - Bytes transferred: 0.18 MB
  - Output elements: 10000
========================================

--- 1000x1000 matrix, kernel 100x100 ---

[32 cores] 1000x1000 matrix, kernel 100x100, stride (2,2)
Generating random 1000x1000 input and 100x100 kernel with stride 2x2
Running mpi mode: MPI processes=32, OpenMP threads=1
Input size: 1000x1000, Kernel: 100x100, Stride: 2x2
Output size: 500x500

========================================
Performance Statistics
========================================
Total time:          0.083139 seconds (100.0%)
Computation time:    0.047372 seconds (57.0%)
Communication time:  0.035727 seconds (43.0%)
  - Broadcast:       0.035544 seconds
  - Memory copy:     0.000182 seconds

Communication Statistics:
  - MPI_Bcast calls: 500
  - Bytes transferred: 1.26 MB
  - Output elements: 250000
========================================

[32 cores] 1000x1000 matrix, kernel 100x100, stride (3,3)
Generating random 1000x1000 input and 100x100 kernel with stride 3x3
Running mpi mode: MPI processes=32, OpenMP threads=1
Input size: 1000x1000, Kernel: 100x100, Stride: 3x3
Output size: 334x334

========================================
Performance Statistics
========================================
Total time:          0.038573 seconds (100.0%)
Computation time:    0.021204 seconds (55.0%)
Communication time:  0.017337 seconds (44.9%)
  - Broadcast:       0.017173 seconds
  - Memory copy:     0.000164 seconds

Communication Statistics:
  - MPI_Bcast calls: 334
  - Bytes transferred: 0.73 MB
  - Output elements: 111556
========================================

[32 cores] 1000x1000 matrix, kernel 100x100, stride (5,5)
Generating random 1000x1000 input and 100x100 kernel with stride 5x5
Running mpi mode: MPI processes=32, OpenMP threads=1
Input size: 1000x1000, Kernel: 100x100, Stride: 5x5
Output size: 200x200

========================================
Performance Statistics
========================================
Total time:          0.015295 seconds (100.0%)
Computation time:    0.008086 seconds (52.9%)
Communication time:  0.007176 seconds (46.9%)
  - Broadcast:       0.007012 seconds
  - Memory copy:     0.000164 seconds

Communication Statistics:
  - MPI_Bcast calls: 200
  - Bytes transferred: 0.46 MB
  - Output elements: 40000
========================================

[32 cores] 1000x1000 matrix, kernel 100x100, stride (10,10)
Generating random 1000x1000 input and 100x100 kernel with stride 10x10
Running mpi mode: MPI processes=32, OpenMP threads=1
Input size: 1000x1000, Kernel: 100x100, Stride: 10x10
Output size: 100x100

========================================
Performance Statistics
========================================
Total time:          0.005327 seconds (100.0%)
Computation time:    0.002291 seconds (43.0%)
Communication time:  0.003002 seconds (56.4%)
  - Broadcast:       0.002833 seconds
  - Memory copy:     0.000169 seconds

Communication Statistics:
  - MPI_Bcast calls: 100
  - Bytes transferred: 0.35 MB
  - Output elements: 10000
========================================

==========================================
Testing with 64 cores (Pure MPI)
==========================================
MPI Processes: 64 (1 process per core, no OpenMP)

--- 100x100 matrix, kernel 3x3 ---

[64 cores] 100x100 matrix, kernel 3x3, stride (2,2)
Generating random 100x100 input and 3x3 kernel with stride 2x2
Running mpi mode: MPI processes=64, OpenMP threads=1
Input size: 100x100, Kernel: 3x3, Stride: 2x2
Output size: 50x50

========================================
Performance Statistics
========================================
Total time:          0.000709 seconds (100.0%)
Computation time:    0.000000 seconds (0.1%)
Communication time:  0.000708 seconds (99.8%)
  - Broadcast:       0.000707 seconds
  - Memory copy:     0.000001 seconds

Communication Statistics:
  - MPI_Bcast calls: 50
  - Bytes transferred: 0.01 MB
  - Output elements: 2500
========================================

[64 cores] 100x100 matrix, kernel 3x3, stride (3,3)
Generating random 100x100 input and 3x3 kernel with stride 3x3
Running mpi mode: MPI processes=64, OpenMP threads=1
Input size: 100x100, Kernel: 3x3, Stride: 3x3
Output size: 34x34

========================================
Performance Statistics
========================================
Total time:          0.000278 seconds (100.0%)
Computation time:    0.000000 seconds (0.2%)
Communication time:  0.000277 seconds (99.6%)
  - Broadcast:       0.000276 seconds
  - Memory copy:     0.000001 seconds

Communication Statistics:
  - MPI_Bcast calls: 34
  - Bytes transferred: 0.01 MB
  - Output elements: 1156
========================================

[64 cores] 100x100 matrix, kernel 3x3, stride (5,5)
Generating random 100x100 input and 3x3 kernel with stride 5x5
Running mpi mode: MPI processes=64, OpenMP threads=1
Input size: 100x100, Kernel: 3x3, Stride: 5x5
Output size: 20x20

========================================
Performance Statistics
========================================
Total time:          0.000158 seconds (100.0%)
Computation time:    0.000000 seconds (0.2%)
Communication time:  0.000157 seconds (99.4%)
  - Broadcast:       0.000156 seconds
  - Memory copy:     0.000001 seconds

Communication Statistics:
  - MPI_Bcast calls: 20
  - Bytes transferred: 0.00 MB
  - Output elements: 400
========================================

[64 cores] 100x100 matrix, kernel 3x3, stride (10,10)
Generating random 100x100 input and 3x3 kernel with stride 10x10
Running mpi mode: MPI processes=64, OpenMP threads=1
Input size: 100x100, Kernel: 3x3, Stride: 10x10
Output size: 10x10

========================================
Performance Statistics
========================================
Total time:          0.000085 seconds (100.0%)
Computation time:    0.000000 seconds (0.3%)
Communication time:  0.000084 seconds (98.0%)
  - Broadcast:       0.000082 seconds
  - Memory copy:     0.000001 seconds

Communication Statistics:
  - MPI_Bcast calls: 10
  - Bytes transferred: 0.00 MB
  - Output elements: 100
========================================

--- 1000x1000 matrix, kernel 3x3 ---

[64 cores] 1000x1000 matrix, kernel 3x3, stride (2,2)
Generating random 1000x1000 input and 3x3 kernel with stride 2x2
Running mpi mode: MPI processes=64, OpenMP threads=1
Input size: 1000x1000, Kernel: 3x3, Stride: 2x2
Output size: 500x500

========================================
Performance Statistics
========================================
Total time:          0.012600 seconds (100.0%)
Computation time:    0.000038 seconds (0.3%)
Communication time:  0.012548 seconds (99.6%)
  - Broadcast:       0.012514 seconds
  - Memory copy:     0.000033 seconds

Communication Statistics:
  - MPI_Bcast calls: 500
  - Bytes transferred: 1.01 MB
  - Output elements: 250000
========================================

[64 cores] 1000x1000 matrix, kernel 3x3, stride (3,3)
Generating random 1000x1000 input and 3x3 kernel with stride 3x3
Running mpi mode: MPI processes=64, OpenMP threads=1
Input size: 1000x1000, Kernel: 3x3, Stride: 3x3
Output size: 334x334

========================================
Performance Statistics
========================================
Total time:          0.006334 seconds (100.0%)
Computation time:    0.000017 seconds (0.3%)
Communication time:  0.006301 seconds (99.5%)
  - Broadcast:       0.006261 seconds
  - Memory copy:     0.000041 seconds

Communication Statistics:
  - MPI_Bcast calls: 334
  - Bytes transferred: 0.49 MB
  - Output elements: 111556
========================================

[64 cores] 1000x1000 matrix, kernel 3x3, stride (5,5)
Generating random 1000x1000 input and 3x3 kernel with stride 5x5
Running mpi mode: MPI processes=64, OpenMP threads=1
Input size: 1000x1000, Kernel: 3x3, Stride: 5x5
Output size: 200x200

========================================
Performance Statistics
========================================
Total time:          0.003244 seconds (100.0%)
Computation time:    0.000007 seconds (0.2%)
Communication time:  0.003225 seconds (99.4%)
  - Broadcast:       0.003184 seconds
  - Memory copy:     0.000041 seconds

Communication Statistics:
  - MPI_Bcast calls: 200
  - Bytes transferred: 0.22 MB
  - Output elements: 40000
========================================

[64 cores] 1000x1000 matrix, kernel 3x3, stride (10,10)
Generating random 1000x1000 input and 3x3 kernel with stride 10x10
Running mpi mode: MPI processes=64, OpenMP threads=1
Input size: 1000x1000, Kernel: 3x3, Stride: 10x10
Output size: 100x100

========================================
Performance Statistics
========================================
Total time:          0.001499 seconds (100.0%)
Computation time:    0.000002 seconds (0.1%)
Communication time:  0.001495 seconds (99.8%)
  - Broadcast:       0.001469 seconds
  - Memory copy:     0.000027 seconds

Communication Statistics:
  - MPI_Bcast calls: 100
  - Bytes transferred: 0.08 MB
  - Output elements: 10000
========================================

--- 10000x10000 matrix, kernel 3x3 ---

[64 cores] 10000x10000 matrix, kernel 3x3, stride (2,2)
Generating random 10000x10000 input and 3x3 kernel with stride 2x2
Running mpi mode: MPI processes=64, OpenMP threads=1
Input size: 10000x10000, Kernel: 3x3, Stride: 2x2
Output size: 5000x5000

========================================
Performance Statistics
========================================
Total time:          0.697881 seconds (100.0%)
Computation time:    0.004063 seconds (0.6%)
Communication time:  0.693269 seconds (99.3%)
  - Broadcast:       0.689808 seconds
  - Memory copy:     0.003461 seconds

Communication Statistics:
  - MPI_Bcast calls: 5000
  - Bytes transferred: 101.39 MB
  - Output elements: 25000000
========================================

[64 cores] 10000x10000 matrix, kernel 3x3, stride (3,3)
Generating random 10000x10000 input and 3x3 kernel with stride 3x3
Running mpi mode: MPI processes=64, OpenMP threads=1
Input size: 10000x10000, Kernel: 3x3, Stride: 3x3
Output size: 3334x3334

========================================
Performance Statistics
========================================
Total time:          0.330890 seconds (100.0%)
Computation time:    0.001833 seconds (0.6%)
Communication time:  0.328539 seconds (99.3%)
  - Broadcast:       0.324968 seconds
  - Memory copy:     0.003571 seconds

Communication Statistics:
  - MPI_Bcast calls: 3334
  - Bytes transferred: 48.43 MB
  - Output elements: 11115556
========================================

[64 cores] 10000x10000 matrix, kernel 3x3, stride (5,5)
Generating random 10000x10000 input and 3x3 kernel with stride 5x5
Running mpi mode: MPI processes=64, OpenMP threads=1
Input size: 10000x10000, Kernel: 3x3, Stride: 5x5
Output size: 2000x2000

========================================
Performance Statistics
========================================
Total time:          0.100567 seconds (100.0%)
Computation time:    0.000719 seconds (0.7%)
Communication time:  0.099264 seconds (98.7%)
  - Broadcast:       0.095776 seconds
  - Memory copy:     0.003488 seconds

Communication Statistics:
  - MPI_Bcast calls: 2000
  - Bytes transferred: 21.25 MB
  - Output elements: 4000000
========================================

[64 cores] 10000x10000 matrix, kernel 3x3, stride (10,10)
Generating random 10000x10000 input and 3x3 kernel with stride 10x10
Running mpi mode: MPI processes=64, OpenMP threads=1
Input size: 10000x10000, Kernel: 3x3, Stride: 10x10
Output size: 1000x1000

========================================
Performance Statistics
========================================
Total time:          0.039249 seconds (100.0%)
Computation time:    0.000218 seconds (0.6%)
Communication time:  0.038486 seconds (98.1%)
  - Broadcast:       0.035130 seconds
  - Memory copy:     0.003356 seconds

Communication Statistics:
  - MPI_Bcast calls: 1000
  - Bytes transferred: 9.61 MB
  - Output elements: 1000000
========================================

--- 1000x1000 matrix, kernel 10x10 ---

[64 cores] 1000x1000 matrix, kernel 10x10, stride (2,2)
Generating random 1000x1000 input and 10x10 kernel with stride 2x2
Running mpi mode: MPI processes=64, OpenMP threads=1
Input size: 1000x1000, Kernel: 10x10, Stride: 2x2
Output size: 500x500

========================================
Performance Statistics
========================================
Total time:          0.012666 seconds (100.0%)
Computation time:    0.000317 seconds (2.5%)
Communication time:  0.012336 seconds (97.4%)
  - Broadcast:       0.012297 seconds
  - Memory copy:     0.000040 seconds

Communication Statistics:
  - MPI_Bcast calls: 500
  - Bytes transferred: 1.03 MB
  - Output elements: 250000
========================================

[64 cores] 1000x1000 matrix, kernel 10x10, stride (3,3)
Generating random 1000x1000 input and 10x10 kernel with stride 3x3
Running mpi mode: MPI processes=64, OpenMP threads=1
Input size: 1000x1000, Kernel: 10x10, Stride: 3x3
Output size: 334x334

========================================
Performance Statistics
========================================
Total time:          0.006545 seconds (100.0%)
Computation time:    0.000158 seconds (2.4%)
Communication time:  0.006371 seconds (97.3%)
  - Broadcast:       0.006326 seconds
  - Memory copy:     0.000045 seconds

Communication Statistics:
  - MPI_Bcast calls: 334
  - Bytes transferred: 0.51 MB
  - Output elements: 111556
========================================

[64 cores] 1000x1000 matrix, kernel 10x10, stride (5,5)
Generating random 1000x1000 input and 10x10 kernel with stride 5x5
Running mpi mode: MPI processes=64, OpenMP threads=1
Input size: 1000x1000, Kernel: 10x10, Stride: 5x5
Output size: 200x200

========================================
Performance Statistics
========================================
Total time:          0.003317 seconds (100.0%)
Computation time:    0.000062 seconds (1.9%)
Communication time:  0.003242 seconds (97.7%)
  - Broadcast:       0.003196 seconds
  - Memory copy:     0.000046 seconds

Communication Statistics:
  - MPI_Bcast calls: 200
  - Bytes transferred: 0.23 MB
  - Output elements: 40000
========================================

[64 cores] 1000x1000 matrix, kernel 10x10, stride (10,10)
Generating random 1000x1000 input and 10x10 kernel with stride 10x10
Running mpi mode: MPI processes=64, OpenMP threads=1
Input size: 1000x1000, Kernel: 10x10, Stride: 10x10
Output size: 100x100

========================================
Performance Statistics
========================================
Total time:          0.001559 seconds (100.0%)
Computation time:    0.000014 seconds (0.9%)
Communication time:  0.001532 seconds (98.3%)
  - Broadcast:       0.001497 seconds
  - Memory copy:     0.000035 seconds

Communication Statistics:
  - MPI_Bcast calls: 100
  - Bytes transferred: 0.10 MB
  - Output elements: 10000
========================================

--- 1000x1000 matrix, kernel 100x100 ---

[64 cores] 1000x1000 matrix, kernel 100x100, stride (2,2)
Generating random 1000x1000 input and 100x100 kernel with stride 2x2
Running mpi mode: MPI processes=64, OpenMP threads=1
Input size: 1000x1000, Kernel: 100x100, Stride: 2x2
Output size: 500x500

========================================
Performance Statistics
========================================
Total time:          0.050418 seconds (100.0%)
Computation time:    0.020163 seconds (40.0%)
Communication time:  0.030224 seconds (59.9%)
  - Broadcast:       0.030086 seconds
  - Memory copy:     0.000138 seconds

Communication Statistics:
  - MPI_Bcast calls: 500
  - Bytes transferred: 1.20 MB
  - Output elements: 250000
========================================

[64 cores] 1000x1000 matrix, kernel 100x100, stride (3,3)
Generating random 1000x1000 input and 100x100 kernel with stride 3x3
Running mpi mode: MPI processes=64, OpenMP threads=1
Input size: 1000x1000, Kernel: 100x100, Stride: 3x3
Output size: 334x334

========================================
Performance Statistics
========================================
Total time:          0.025885 seconds (100.0%)
Computation time:    0.010253 seconds (39.6%)
Communication time:  0.015601 seconds (60.3%)
  - Broadcast:       0.015464 seconds
  - Memory copy:     0.000137 seconds

Communication Statistics:
  - MPI_Bcast calls: 334
  - Bytes transferred: 0.68 MB
  - Output elements: 111556
========================================

[64 cores] 1000x1000 matrix, kernel 100x100, stride (5,5)
Generating random 1000x1000 input and 100x100 kernel with stride 5x5
Running mpi mode: MPI processes=64, OpenMP threads=1
Input size: 1000x1000, Kernel: 100x100, Stride: 5x5
Output size: 200x200

========================================
Performance Statistics
========================================
Total time:          0.011127 seconds (100.0%)
Computation time:    0.004054 seconds (36.4%)
Communication time:  0.007041 seconds (63.3%)
  - Broadcast:       0.006909 seconds
  - Memory copy:     0.000132 seconds

Communication Statistics:
  - MPI_Bcast calls: 200
  - Bytes transferred: 0.40 MB
  - Output elements: 40000
========================================

[64 cores] 1000x1000 matrix, kernel 100x100, stride (10,10)
Generating random 1000x1000 input and 100x100 kernel with stride 10x10
Running mpi mode: MPI processes=64, OpenMP threads=1
Input size: 1000x1000, Kernel: 100x100, Stride: 10x10
Output size: 100x100

========================================
Performance Statistics
========================================
Total time:          0.003693 seconds (100.0%)
Computation time:    0.000965 seconds (26.1%)
Communication time:  0.002701 seconds (73.1%)
  - Broadcast:       0.002570 seconds
  - Memory copy:     0.000131 seconds

Communication Statistics:
  - MPI_Bcast calls: 100
  - Bytes transferred: 0.27 MB
  - Output elements: 10000
========================================

==========================================
Testing with 96 cores (Pure MPI)
==========================================
MPI Processes: 96 (1 process per core, no OpenMP)

--- 100x100 matrix, kernel 3x3 ---

[96 cores] 100x100 matrix, kernel 3x3, stride (2,2)
Generating random 100x100 input and 3x3 kernel with stride 2x2
Running mpi mode: MPI processes=96, OpenMP threads=1
Input size: 100x100, Kernel: 3x3, Stride: 2x2
Output size: 50x50

========================================
Performance Statistics
========================================
Total time:          0.000670 seconds (100.0%)
Computation time:    0.000000 seconds (0.1%)
Communication time:  0.000669 seconds (99.8%)
  - Broadcast:       0.000666 seconds
  - Memory copy:     0.000003 seconds

Communication Statistics:
  - MPI_Bcast calls: 50
  - Bytes transferred: 0.01 MB
  - Output elements: 2500
========================================

[96 cores] 100x100 matrix, kernel 3x3, stride (3,3)
Generating random 100x100 input and 3x3 kernel with stride 3x3
Running mpi mode: MPI processes=96, OpenMP threads=1
Input size: 100x100, Kernel: 3x3, Stride: 3x3
Output size: 34x34

========================================
Performance Statistics
========================================
Total time:          0.000313 seconds (100.0%)
Computation time:    0.000000 seconds (0.1%)
Communication time:  0.000312 seconds (99.7%)
  - Broadcast:       0.000311 seconds
  - Memory copy:     0.000001 seconds

Communication Statistics:
  - MPI_Bcast calls: 34
  - Bytes transferred: 0.01 MB
  - Output elements: 1156
========================================

[96 cores] 100x100 matrix, kernel 3x3, stride (5,5)
Generating random 100x100 input and 3x3 kernel with stride 5x5
Running mpi mode: MPI processes=96, OpenMP threads=1
Input size: 100x100, Kernel: 3x3, Stride: 5x5
Output size: 20x20

========================================
Performance Statistics
========================================
Total time:          0.000162 seconds (100.0%)
Computation time:    0.000000 seconds (0.2%)
Communication time:  0.000161 seconds (99.2%)
  - Broadcast:       0.000157 seconds
  - Memory copy:     0.000003 seconds

Communication Statistics:
  - MPI_Bcast calls: 20
  - Bytes transferred: 0.00 MB
  - Output elements: 400
========================================

[96 cores] 100x100 matrix, kernel 3x3, stride (10,10)
Generating random 100x100 input and 3x3 kernel with stride 10x10
Running mpi mode: MPI processes=96, OpenMP threads=1
Input size: 100x100, Kernel: 3x3, Stride: 10x10
Output size: 10x10

========================================
Performance Statistics
========================================
Total time:          0.000070 seconds (100.0%)
Computation time:    0.000000 seconds (0.3%)
Communication time:  0.000068 seconds (98.0%)
  - Broadcast:       0.000067 seconds
  - Memory copy:     0.000002 seconds

Communication Statistics:
  - MPI_Bcast calls: 10
  - Bytes transferred: 0.00 MB
  - Output elements: 100
========================================

--- 1000x1000 matrix, kernel 3x3 ---

[96 cores] 1000x1000 matrix, kernel 3x3, stride (2,2)
Generating random 1000x1000 input and 3x3 kernel with stride 2x2
Running mpi mode: MPI processes=96, OpenMP threads=1
Input size: 1000x1000, Kernel: 3x3, Stride: 2x2
Output size: 500x500

========================================
Performance Statistics
========================================
Total time:          0.013835 seconds (100.0%)
Computation time:    0.000026 seconds (0.2%)
Communication time:  0.013797 seconds (99.7%)
  - Broadcast:       0.013769 seconds
  - Memory copy:     0.000027 seconds

Communication Statistics:
  - MPI_Bcast calls: 500
  - Bytes transferred: 1.00 MB
  - Output elements: 250000
========================================

[96 cores] 1000x1000 matrix, kernel 3x3, stride (3,3)
Generating random 1000x1000 input and 3x3 kernel with stride 3x3
Running mpi mode: MPI processes=96, OpenMP threads=1
Input size: 1000x1000, Kernel: 3x3, Stride: 3x3
Output size: 334x334

========================================
Performance Statistics
========================================
Total time:          0.007291 seconds (100.0%)
Computation time:    0.000013 seconds (0.2%)
Communication time:  0.007277 seconds (99.8%)
  - Broadcast:       0.007252 seconds
  - Memory copy:     0.000025 seconds

Communication Statistics:
  - MPI_Bcast calls: 334
  - Bytes transferred: 0.47 MB
  - Output elements: 111556
========================================

[96 cores] 1000x1000 matrix, kernel 3x3, stride (5,5)
Generating random 1000x1000 input and 3x3 kernel with stride 5x5
Running mpi mode: MPI processes=96, OpenMP threads=1
Input size: 1000x1000, Kernel: 3x3, Stride: 5x5
Output size: 200x200

========================================
Performance Statistics
========================================
Total time:          0.003483 seconds (100.0%)
Computation time:    0.000006 seconds (0.2%)
Communication time:  0.003475 seconds (99.8%)
  - Broadcast:       0.003447 seconds
  - Memory copy:     0.000028 seconds

Communication Statistics:
  - MPI_Bcast calls: 200
  - Bytes transferred: 0.20 MB
  - Output elements: 40000
========================================

[96 cores] 1000x1000 matrix, kernel 3x3, stride (10,10)
Generating random 1000x1000 input and 3x3 kernel with stride 10x10
Running mpi mode: MPI processes=96, OpenMP threads=1
Input size: 1000x1000, Kernel: 3x3, Stride: 10x10
Output size: 100x100

========================================
Performance Statistics
========================================
Total time:          0.001648 seconds (100.0%)
Computation time:    0.000002 seconds (0.1%)
Communication time:  0.001645 seconds (99.8%)
  - Broadcast:       0.001618 seconds
  - Memory copy:     0.000027 seconds

Communication Statistics:
  - MPI_Bcast calls: 100
  - Bytes transferred: 0.08 MB
  - Output elements: 10000
========================================

--- 10000x10000 matrix, kernel 3x3 ---

[96 cores] 10000x10000 matrix, kernel 3x3, stride (2,2)
Generating random 10000x10000 input and 3x3 kernel with stride 2x2
Running mpi mode: MPI processes=96, OpenMP threads=1
Input size: 10000x10000, Kernel: 3x3, Stride: 2x2
Output size: 5000x5000

========================================
Performance Statistics
========================================
Total time:          0.775774 seconds (100.0%)
Computation time:    0.002721 seconds (0.4%)
Communication time:  0.772676 seconds (99.6%)
  - Broadcast:       0.770385 seconds
  - Memory copy:     0.002291 seconds

Communication Statistics:
  - MPI_Bcast calls: 5000
  - Bytes transferred: 99.41 MB
  - Output elements: 25000000
========================================

[96 cores] 10000x10000 matrix, kernel 3x3, stride (3,3)
Generating random 10000x10000 input and 3x3 kernel with stride 3x3
Running mpi mode: MPI processes=96, OpenMP threads=1
Input size: 10000x10000, Kernel: 3x3, Stride: 3x3
Output size: 3334x3334

========================================
Performance Statistics
========================================
Total time:          0.375616 seconds (100.0%)
Computation time:    0.001185 seconds (0.3%)
Communication time:  0.374055 seconds (99.6%)
  - Broadcast:       0.371778 seconds
  - Memory copy:     0.002277 seconds

Communication Statistics:
  - MPI_Bcast calls: 3334
  - Bytes transferred: 46.37 MB
  - Output elements: 11115556
========================================

[96 cores] 10000x10000 matrix, kernel 3x3, stride (5,5)
Generating random 10000x10000 input and 3x3 kernel with stride 5x5
Running mpi mode: MPI processes=96, OpenMP threads=1
Input size: 10000x10000, Kernel: 3x3, Stride: 5x5
Output size: 2000x2000

========================================
Performance Statistics
========================================
Total time:          0.114005 seconds (100.0%)
Computation time:    0.000414 seconds (0.4%)
Communication time:  0.113209 seconds (99.3%)
  - Broadcast:       0.110983 seconds
  - Memory copy:     0.002226 seconds

Communication Statistics:
  - MPI_Bcast calls: 2000
  - Bytes transferred: 19.15 MB
  - Output elements: 4000000
========================================

[96 cores] 10000x10000 matrix, kernel 3x3, stride (10,10)
Generating random 10000x10000 input and 3x3 kernel with stride 10x10
Running mpi mode: MPI processes=96, OpenMP threads=1
Input size: 10000x10000, Kernel: 3x3, Stride: 10x10
Output size: 1000x1000

========================================
Performance Statistics
========================================
Total time:          0.043784 seconds (100.0%)
Computation time:    0.000132 seconds (0.3%)
Communication time:  0.043256 seconds (98.8%)
  - Broadcast:       0.041023 seconds
  - Memory copy:     0.002232 seconds

Communication Statistics:
  - MPI_Bcast calls: 1000
  - Bytes transferred: 7.71 MB
  - Output elements: 1000000
========================================

--- 1000x1000 matrix, kernel 10x10 ---

[96 cores] 1000x1000 matrix, kernel 10x10, stride (2,2)
Generating random 1000x1000 input and 10x10 kernel with stride 2x2
Running mpi mode: MPI processes=96, OpenMP threads=1
Input size: 1000x1000, Kernel: 10x10, Stride: 2x2
Output size: 500x500

========================================
Performance Statistics
========================================
Total time:          0.013985 seconds (100.0%)
Computation time:    0.000233 seconds (1.7%)
Communication time:  0.013738 seconds (98.2%)
  - Broadcast:       0.013703 seconds
  - Memory copy:     0.000035 seconds

Communication Statistics:
  - MPI_Bcast calls: 500
  - Bytes transferred: 1.01 MB
  - Output elements: 250000
========================================

[96 cores] 1000x1000 matrix, kernel 10x10, stride (3,3)
Generating random 1000x1000 input and 10x10 kernel with stride 3x3
Running mpi mode: MPI processes=96, OpenMP threads=1
Input size: 1000x1000, Kernel: 10x10, Stride: 3x3
Output size: 334x334

========================================
Performance Statistics
========================================
Total time:          0.007445 seconds (100.0%)
Computation time:    0.000113 seconds (1.5%)
Communication time:  0.007316 seconds (98.3%)
  - Broadcast:       0.007280 seconds
  - Memory copy:     0.000035 seconds

Communication Statistics:
  - MPI_Bcast calls: 334
  - Bytes transferred: 0.48 MB
  - Output elements: 111556
========================================

[96 cores] 1000x1000 matrix, kernel 10x10, stride (5,5)
Generating random 1000x1000 input and 10x10 kernel with stride 5x5
Running mpi mode: MPI processes=96, OpenMP threads=1
Input size: 1000x1000, Kernel: 10x10, Stride: 5x5
Output size: 200x200

========================================
Performance Statistics
========================================
Total time:          0.003543 seconds (100.0%)
Computation time:    0.000045 seconds (1.3%)
Communication time:  0.003496 seconds (98.7%)
  - Broadcast:       0.003462 seconds
  - Memory copy:     0.000035 seconds

Communication Statistics:
  - MPI_Bcast calls: 200
  - Bytes transferred: 0.21 MB
  - Output elements: 40000
========================================

[96 cores] 1000x1000 matrix, kernel 10x10, stride (10,10)
Generating random 1000x1000 input and 10x10 kernel with stride 10x10
Running mpi mode: MPI processes=96, OpenMP threads=1
Input size: 1000x1000, Kernel: 10x10, Stride: 10x10
Output size: 100x100

========================================
Performance Statistics
========================================
Total time:          0.001675 seconds (100.0%)
Computation time:    0.000016 seconds (0.9%)
Communication time:  0.001646 seconds (98.2%)
  - Broadcast:       0.001607 seconds
  - Memory copy:     0.000038 seconds

Communication Statistics:
  - MPI_Bcast calls: 100
  - Bytes transferred: 0.10 MB
  - Output elements: 10000
========================================

--- 1000x1000 matrix, kernel 100x100 ---

[96 cores] 1000x1000 matrix, kernel 100x100, stride (2,2)
Generating random 1000x1000 input and 100x100 kernel with stride 2x2
Running mpi mode: MPI processes=96, OpenMP threads=1
Input size: 1000x1000, Kernel: 100x100, Stride: 2x2
Output size: 500x500

========================================
Performance Statistics
========================================
Total time:          0.043174 seconds (100.0%)
Computation time:    0.016464 seconds (38.1%)
Communication time:  0.026679 seconds (61.8%)
  - Broadcast:       0.026540 seconds
  - Memory copy:     0.000139 seconds

Communication Statistics:
  - MPI_Bcast calls: 500
  - Bytes transferred: 1.19 MB
  - Output elements: 250000
========================================

[96 cores] 1000x1000 matrix, kernel 100x100, stride (3,3)
Generating random 1000x1000 input and 100x100 kernel with stride 3x3
Running mpi mode: MPI processes=96, OpenMP threads=1
Input size: 1000x1000, Kernel: 100x100, Stride: 3x3
Output size: 334x334

========================================
Performance Statistics
========================================
Total time:          0.020431 seconds (100.0%)
Computation time:    0.007157 seconds (35.0%)
Communication time:  0.013239 seconds (64.8%)
  - Broadcast:       0.013102 seconds
  - Memory copy:     0.000137 seconds

Communication Statistics:
  - MPI_Bcast calls: 334
  - Bytes transferred: 0.65 MB
  - Output elements: 111556
========================================

[96 cores] 1000x1000 matrix, kernel 100x100, stride (5,5)
Generating random 1000x1000 input and 100x100 kernel with stride 5x5
Running mpi mode: MPI processes=96, OpenMP threads=1
Input size: 1000x1000, Kernel: 100x100, Stride: 5x5
Output size: 200x200

========================================
Performance Statistics
========================================
Total time:          0.009722 seconds (100.0%)
Computation time:    0.003688 seconds (37.9%)
Communication time:  0.006000 seconds (61.7%)
  - Broadcast:       0.005872 seconds
  - Memory copy:     0.000128 seconds

Communication Statistics:
  - MPI_Bcast calls: 200
  - Bytes transferred: 0.39 MB
  - Output elements: 40000
========================================

[96 cores] 1000x1000 matrix, kernel 100x100, stride (10,10)
Generating random 1000x1000 input and 100x100 kernel with stride 10x10
Running mpi mode: MPI processes=96, OpenMP threads=1
Input size: 1000x1000, Kernel: 100x100, Stride: 10x10
Output size: 100x100

========================================
Performance Statistics
========================================
Total time:          0.003884 seconds (100.0%)
Computation time:    0.001080 seconds (27.8%)
Communication time:  0.002772 seconds (71.4%)
  - Broadcast:       0.002634 seconds
  - Memory copy:     0.000138 seconds

Communication Statistics:
  - MPI_Bcast calls: 100
  - Bytes transferred: 0.27 MB
  - Output elements: 10000
========================================

==========================================
Job completed at: Tue Oct  7 03:10:05 AM AWST 2025
==========================================
