==========================================
Hybrid MPI+OpenMP Test - 2 Nodes, 2 cores, stride (3,3)
20000x20000 Matrix, Kernel 200x200
==========================================
Job started at: Mon Oct 13 10:14:59 AM AWST 2025
MPI Processes: 2, OpenMP Threads: 1
==========================================
Generating random 20000x20000 input and 200x200 kernel with stride 3x3
Running hybrid mode: MPI processes=2, OpenMP threads=1
Input size: 20000x20000, Kernel: 200x200, Stride: 3x3
Output size: 6667x6667

========================================
Performance Statistics
========================================
Total time:          802.474488 seconds (100.0%)
Computation time:    801.824576 seconds (99.9%)
Communication time:  0.602005 seconds (0.1%)
  - Broadcast:       0.185895 seconds
  - Memory copy:     0.416110 seconds

Communication Statistics:
  - MPI_Bcast calls: 6667
  - Bytes transferred: 940.13 MB
  - Output elements: 44448889
========================================

==========================================
Job completed at: Mon Oct 13 10:28:27 AM AWST 2025
==========================================
