==========================================
Hybrid MPI+OpenMP Test - 2 Nodes, 2 cores
20000x20000 Matrix, Kernel 200x200
==========================================
Job started at: Mon Oct 13 09:53:17 AM AWST 2025
MPI Processes: 2, OpenMP Threads: 1
==========================================
Generating random 20000x20000 input and 200x200 kernel with stride 1x1
Running hybrid mode: MPI processes=2, OpenMP threads=1
Input size: 20000x20000, Kernel: 200x200, Stride: 1x1
Output size: 20000x20000

========================================
Performance Statistics
========================================
Total time:          7185.583782 seconds (100.0%)
Computation time:    7184.647757 seconds (100.0%)
Communication time:  0.933694 seconds (0.0%)
  - Broadcast:       0.517298 seconds
  - Memory copy:     0.416396 seconds

Communication Statistics:
  - MPI_Bcast calls: 20000
  - Bytes transferred: 2296.45 MB
  - Output elements: 400000000
========================================

==========================================
Job completed at: Mon Oct 13 11:53:09 AM AWST 2025
==========================================
