==========================================
Hybrid MPI+OpenMP Test - 2 Nodes, stride (10,10)
20000x20000 Matrix, Kernel 200x200
Testing all core counts
==========================================
Job started at: Mon Oct 13 10:13:02 AM AWST 2025
==========================================

==========================================
Testing with 4 cores (Hybrid)
==========================================
MPI Processes: 2, OpenMP Threads per process: 2
Generating random 20000x20000 input and 200x200 kernel with stride 10x10
Running hybrid mode: MPI processes=2, OpenMP threads=2
Input size: 20000x20000, Kernel: 200x200, Stride: 10x10
Output size: 2000x2000

========================================
Performance Statistics
========================================
Total time:          36.533553 seconds (100.0%)
Computation time:    36.082348 seconds (98.8%)
Communication time:  0.450921 seconds (1.2%)
  - Broadcast:       0.036037 seconds
  - Memory copy:     0.414883 seconds

Communication Statistics:
  - MPI_Bcast calls: 2000
  - Bytes transferred: 785.14 MB
  - Output elements: 4000000
========================================

==========================================
Testing with 8 cores (Hybrid)
==========================================
MPI Processes: 4, OpenMP Threads per process: 2
Generating random 20000x20000 input and 200x200 kernel with stride 10x10
Running hybrid mode: MPI processes=4, OpenMP threads=2
Input size: 20000x20000, Kernel: 200x200, Stride: 10x10
Output size: 2000x2000

========================================
Performance Statistics
========================================
Total time:          18.370209 seconds (100.0%)
Computation time:    17.953415 seconds (97.7%)
Communication time:  0.416636 seconds (2.3%)
  - Broadcast:       0.205685 seconds
  - Memory copy:     0.210952 seconds

Communication Statistics:
  - MPI_Bcast calls: 2000
  - Bytes transferred: 403.67 MB
  - Output elements: 4000000
========================================

==========================================
Testing with 16 cores (Hybrid)
==========================================
MPI Processes: 4, OpenMP Threads per process: 4
Generating random 20000x20000 input and 200x200 kernel with stride 10x10
Running hybrid mode: MPI processes=4, OpenMP threads=4
Input size: 20000x20000, Kernel: 200x200, Stride: 10x10
Output size: 2000x2000

========================================
Performance Statistics
========================================
Total time:          9.342549 seconds (100.0%)
Computation time:    9.026117 seconds (96.6%)
Communication time:  0.316268 seconds (3.4%)
  - Broadcast:       0.105660 seconds
  - Memory copy:     0.210608 seconds

Communication Statistics:
  - MPI_Bcast calls: 2000
  - Bytes transferred: 403.67 MB
  - Output elements: 4000000
========================================

==========================================
Testing with 32 cores (Hybrid)
==========================================
MPI Processes: 8, OpenMP Threads per process: 4
Generating random 20000x20000 input and 200x200 kernel with stride 10x10
Running hybrid mode: MPI processes=8, OpenMP threads=4
Input size: 20000x20000, Kernel: 200x200, Stride: 10x10
Output size: 2000x2000

========================================
Performance Statistics
========================================
Total time:          5.236865 seconds (100.0%)
Computation time:    5.014539 seconds (95.8%)
Communication time:  0.222228 seconds (4.2%)
  - Broadcast:       0.062237 seconds
  - Memory copy:     0.159991 seconds

Communication Statistics:
  - MPI_Bcast calls: 2000
  - Bytes transferred: 212.94 MB
  - Output elements: 4000000
========================================

==========================================
Testing with 64 cores (Hybrid)
==========================================
MPI Processes: 8, OpenMP Threads per process: 8
Generating random 20000x20000 input and 200x200 kernel with stride 10x10
Running hybrid mode: MPI processes=8, OpenMP threads=8
Input size: 20000x20000, Kernel: 200x200, Stride: 10x10
Output size: 2000x2000

========================================
Performance Statistics
========================================
Total time:          2.728642 seconds (100.0%)
Computation time:    2.508792 seconds (91.9%)
Communication time:  0.219751 seconds (8.1%)
  - Broadcast:       0.110900 seconds
  - Memory copy:     0.108851 seconds

Communication Statistics:
  - MPI_Bcast calls: 2000
  - Bytes transferred: 212.94 MB
  - Output elements: 4000000
========================================

==========================================
Testing with 96 cores (Hybrid)
==========================================
MPI Processes: 12, OpenMP Threads per process: 8
Generating random 20000x20000 input and 200x200 kernel with stride 10x10
Running hybrid mode: MPI processes=12, OpenMP threads=8
Input size: 20000x20000, Kernel: 200x200, Stride: 10x10
Output size: 2000x2000

========================================
Performance Statistics
========================================
Total time:          2.951231 seconds (100.0%)
Computation time:    1.673825 seconds (56.7%)
Communication time:  1.277332 seconds (43.3%)
  - Broadcast:       1.204773 seconds
  - Memory copy:     0.072559 seconds

Communication Statistics:
  - MPI_Bcast calls: 2000
  - Bytes transferred: 149.61 MB
  - Output elements: 4000000
========================================

==========================================
Job completed at: Mon Oct 13 10:15:01 AM AWST 2025
==========================================
