==========================================
Hybrid MPI+OpenMP Test - 2 Nodes, 64 cores
20000x20000 Matrix, Kernel 200x200
==========================================
Job started at: Mon Oct 13 10:03:05 AM AWST 2025
MPI Processes: 8, OpenMP Threads: 8
==========================================
Generating random 20000x20000 input and 200x200 kernel with stride 1x1
Running hybrid mode: MPI processes=8, OpenMP threads=8
Input size: 20000x20000, Kernel: 200x200, Stride: 1x1
Output size: 20000x20000

========================================
Performance Statistics
========================================
Total time:          258.227469 seconds (100.0%)
Computation time:    249.303253 seconds (96.5%)
Communication time:  8.924130 seconds (3.5%)
  - Broadcast:       8.815186 seconds
  - Memory copy:     0.108944 seconds

Communication Statistics:
  - MPI_Bcast calls: 20000
  - Bytes transferred: 1724.24 MB
  - Output elements: 400000000
========================================

==========================================
Job completed at: Mon Oct 13 10:07:34 AM AWST 2025
==========================================
