==========================================
Hybrid Distribution Test: 48×2
20000x20000 Matrix, Kernel 200x200
==========================================
Job started at: Mon Oct 13 10:44:06 AM AWST 2025
MPI Processes: 48, OpenMP Threads: 2
Total cores: 96
==========================================
[48×2] 20000x20000 matrix, kernel 200x200
Generating random 20000x20000 input and 200x200 kernel with stride 1x1
Running hybrid mode: MPI processes=48, OpenMP threads=2
Input size: 20000x20000, Kernel: 200x200, Stride: 1x1
Output size: 20000x20000

========================================
Performance Statistics
========================================
Total time:          183.721926 seconds (100.0%)
Computation time:    157.950308 seconds (86.0%)
Communication time:  25.771597 seconds (14.0%)
  - Broadcast:       25.746003 seconds
  - Memory copy:     0.025594 seconds

Communication Statistics:
  - MPI_Bcast calls: 20000
  - Bytes transferred: 1565.32 MB
  - Output elements: 400000000
========================================

==========================================
Job completed at: Mon Oct 13 10:47:24 AM AWST 2025
==========================================
