==========================================
Hybrid Distribution Test: 32×3
20000x20000 Matrix, Kernel 200x200
==========================================
Job started at: Mon Oct 13 10:44:06 AM AWST 2025
MPI Processes: 32, OpenMP Threads: 3
Total cores: 96
==========================================
[32×3] 20000x20000 matrix, kernel 200x200
Generating random 20000x20000 input and 200x200 kernel with stride 1x1
Running hybrid mode: MPI processes=32, OpenMP threads=3
Input size: 20000x20000, Kernel: 200x200, Stride: 1x1
Output size: 20000x20000

========================================
Performance Statistics
========================================
Total time:          192.258670 seconds (100.0%)
Computation time:    161.702301 seconds (84.1%)
Communication time:  30.556343 seconds (15.9%)
  - Broadcast:       30.525112 seconds
  - Memory copy:     0.031231 seconds

Communication Statistics:
  - MPI_Bcast calls: 20000
  - Bytes transferred: 1581.19 MB
  - Output elements: 400000000
========================================

==========================================
Job completed at: Mon Oct 13 10:47:36 AM AWST 2025
==========================================
