==========================================
Hybrid Distribution Test: 16×6
20000x20000 Matrix, Kernel 200x200
==========================================
Job started at: Mon Oct 13 10:19:54 AM AWST 2025
MPI Processes: 16, OpenMP Threads: 6
Total cores: 96
==========================================
[16×6] 20000x20000 matrix, kernel 200x200
Generating random 20000x20000 input and 200x200 kernel with stride 1x1
Running hybrid mode: MPI processes=16, OpenMP threads=6
Input size: 20000x20000, Kernel: 200x200, Stride: 1x1
Output size: 20000x20000

========================================
Performance Statistics
========================================
Total time:          176.190317 seconds (100.0%)
Computation time:    164.830177 seconds (93.6%)
Communication time:  11.360085 seconds (6.4%)
  - Broadcast:       11.303842 seconds
  - Memory copy:     0.056243 seconds

Communication Statistics:
  - MPI_Bcast calls: 20000
  - Bytes transferred: 1628.88 MB
  - Output elements: 400000000
========================================

==========================================
Job completed at: Mon Oct 13 10:23:03 AM AWST 2025
==========================================
