==========================================
Hybrid MPI+OpenMP Test - 2 Nodes, stride (3,3)
20000x20000 Matrix, Kernel 200x200
Testing all core counts
==========================================
Job started at: Mon Oct 13 10:15:29 AM AWST 2025
==========================================

==========================================
Testing with 4 cores (Hybrid)
==========================================
MPI Processes: 2, OpenMP Threads per process: 2
Generating random 20000x20000 input and 200x200 kernel with stride 3x3
Running hybrid mode: MPI processes=2, OpenMP threads=2
Input size: 20000x20000, Kernel: 200x200, Stride: 3x3
Output size: 6667x6667

========================================
Performance Statistics
========================================
Total time:          401.360858 seconds (100.0%)
Computation time:    400.764131 seconds (99.9%)
Communication time:  0.596446 seconds (0.1%)
  - Broadcast:       0.177609 seconds
  - Memory copy:     0.418837 seconds

Communication Statistics:
  - MPI_Bcast calls: 6667
  - Bytes transferred: 940.13 MB
  - Output elements: 44448889
========================================

==========================================
Testing with 8 cores (Hybrid)
==========================================
MPI Processes: 4, OpenMP Threads per process: 2
Generating random 20000x20000 input and 200x200 kernel with stride 3x3
Running hybrid mode: MPI processes=4, OpenMP threads=2
Input size: 20000x20000, Kernel: 200x200, Stride: 3x3
Output size: 6667x6667

========================================
Performance Statistics
========================================
Total time:          201.911979 seconds (100.0%)
Computation time:    199.835833 seconds (99.0%)
Communication time:  2.075994 seconds (1.0%)
  - Broadcast:       1.863965 seconds
  - Memory copy:     0.212029 seconds

Communication Statistics:
  - MPI_Bcast calls: 6667
  - Bytes transferred: 558.58 MB
  - Output elements: 44448889
========================================

==========================================
Testing with 16 cores (Hybrid)
==========================================
MPI Processes: 4, OpenMP Threads per process: 4
Generating random 20000x20000 input and 200x200 kernel with stride 3x3
Running hybrid mode: MPI processes=4, OpenMP threads=4
Input size: 20000x20000, Kernel: 200x200, Stride: 3x3
Output size: 6667x6667

========================================
Performance Statistics
========================================
Total time:          101.260685 seconds (100.0%)
Computation time:    99.950591 seconds (98.7%)
Communication time:  1.309938 seconds (1.3%)
  - Broadcast:       1.096870 seconds
  - Memory copy:     0.213068 seconds

Communication Statistics:
  - MPI_Bcast calls: 6667
  - Bytes transferred: 558.58 MB
  - Output elements: 44448889
========================================

==========================================
Testing with 32 cores (Hybrid)
==========================================
MPI Processes: 8, OpenMP Threads per process: 4
Generating random 20000x20000 input and 200x200 kernel with stride 3x3
Running hybrid mode: MPI processes=8, OpenMP threads=4
Input size: 20000x20000, Kernel: 200x200, Stride: 3x3
Output size: 6667x6667

========================================
Performance Statistics
========================================
Total time:          52.085284 seconds (100.0%)
Computation time:    50.191496 seconds (96.4%)
Communication time:  1.893695 seconds (3.6%)
  - Broadcast:       1.786321 seconds
  - Memory copy:     0.107374 seconds

Communication Statistics:
  - MPI_Bcast calls: 6667
  - Bytes transferred: 367.92 MB
  - Output elements: 44448889
========================================

==========================================
Testing with 64 cores (Hybrid)
==========================================
MPI Processes: 8, OpenMP Threads per process: 8
Generating random 20000x20000 input and 200x200 kernel with stride 3x3
Running hybrid mode: MPI processes=8, OpenMP threads=8
Input size: 20000x20000, Kernel: 200x200, Stride: 3x3
Output size: 6667x6667

========================================
Performance Statistics
========================================
Total time:          29.083461 seconds (100.0%)
Computation time:    27.894436 seconds (95.9%)
Communication time:  1.188928 seconds (4.1%)
  - Broadcast:       1.081772 seconds
  - Memory copy:     0.107156 seconds

Communication Statistics:
  - MPI_Bcast calls: 6667
  - Bytes transferred: 367.92 MB
  - Output elements: 44448889
========================================

==========================================
Testing with 96 cores (Hybrid)
==========================================
MPI Processes: 12, OpenMP Threads per process: 8
Generating random 20000x20000 input and 200x200 kernel with stride 3x3
Running hybrid mode: MPI processes=12, OpenMP threads=8
Input size: 20000x20000, Kernel: 200x200, Stride: 3x3
Output size: 6667x6667

========================================
Performance Statistics
========================================
Total time:          21.412965 seconds (100.0%)
Computation time:    18.476109 seconds (86.3%)
Communication time:  2.936788 seconds (13.7%)
  - Broadcast:       2.863483 seconds
  - Memory copy:     0.073305 seconds

Communication Statistics:
  - MPI_Bcast calls: 6667
  - Bytes transferred: 304.29 MB
  - Output elements: 44448889
========================================

==========================================
Job completed at: Mon Oct 13 10:29:44 AM AWST 2025
==========================================
