==========================================
Hybrid Distribution Test: 8×12
20000x20000 Matrix, Kernel 200x200
==========================================
Job started at: Mon Oct 13 10:44:06 AM AWST 2025
MPI Processes: 8, OpenMP Threads: 12
Total cores: 96
==========================================
[8×12] 20000x20000 matrix, kernel 200x200
Generating random 20000x20000 input and 200x200 kernel with stride 1x1
Running hybrid mode: MPI processes=8, OpenMP threads=12
Input size: 20000x20000, Kernel: 200x200, Stride: 1x1
Output size: 20000x20000

========================================
Performance Statistics
========================================
Total time:          174.012639 seconds (100.0%)
Computation time:    166.609603 seconds (95.7%)
Communication time:  7.402946 seconds (4.3%)
  - Broadcast:       7.295188 seconds
  - Memory copy:     0.107758 seconds

Communication Statistics:
  - MPI_Bcast calls: 20000
  - Bytes transferred: 1724.24 MB
  - Output elements: 400000000
========================================

==========================================
Job completed at: Mon Oct 13 10:47:11 AM AWST 2025
==========================================
