==========================================
Hybrid Distribution Test: 6×16
20000x20000 Matrix, Kernel 200x200
==========================================
Job started at: Mon Oct 13 10:44:06 AM AWST 2025
MPI Processes: 6, OpenMP Threads: 16
Total cores: 96
==========================================
[6×16] 20000x20000 matrix, kernel 200x200
Generating random 20000x20000 input and 200x200 kernel with stride 1x1
Running hybrid mode: MPI processes=6, OpenMP threads=16
Input size: 20000x20000, Kernel: 200x200, Stride: 1x1
Output size: 20000x20000

========================================
Performance Statistics
========================================
Total time:          174.346012 seconds (100.0%)
Computation time:    167.074207 seconds (95.8%)
Communication time:  7.271685 seconds (4.2%)
  - Broadcast:       7.127210 seconds
  - Memory copy:     0.144475 seconds

Communication Statistics:
  - MPI_Bcast calls: 20000
  - Bytes transferred: 1787.87 MB
  - Output elements: 400000000
========================================

==========================================
Job completed at: Mon Oct 13 10:47:10 AM AWST 2025
==========================================
