==========================================
Hybrid MPI+OpenMP Test - 2 Nodes, stride (2,2)
20000x20000 Matrix, Kernel 200x200
Testing all core counts
==========================================
Job started at: Mon Oct 13 10:14:28 AM AWST 2025
==========================================

==========================================
Testing with 4 cores (Hybrid)
==========================================
MPI Processes: 2, OpenMP Threads per process: 2
Generating random 20000x20000 input and 200x200 kernel with stride 2x2
Running hybrid mode: MPI processes=2, OpenMP threads=2
Input size: 20000x20000, Kernel: 200x200, Stride: 2x2
Output size: 10000x10000

========================================
Performance Statistics
========================================
Total time:          901.693681 seconds (100.0%)
Computation time:    899.040299 seconds (99.7%)
Communication time:  2.653107 seconds (0.3%)
  - Broadcast:       2.237215 seconds
  - Memory copy:     0.415891 seconds

Communication Statistics:
  - MPI_Bcast calls: 10000
  - Bytes transferred: 1151.96 MB
  - Output elements: 100000000
========================================

==========================================
Testing with 8 cores (Hybrid)
==========================================
MPI Processes: 4, OpenMP Threads per process: 2
Generating random 20000x20000 input and 200x200 kernel with stride 2x2
Running hybrid mode: MPI processes=4, OpenMP threads=2
Input size: 20000x20000, Kernel: 200x200, Stride: 2x2
Output size: 10000x10000

========================================
Performance Statistics
========================================
Total time:          453.049848 seconds (100.0%)
Computation time:    449.197442 seconds (99.1%)
Communication time:  3.852260 seconds (0.9%)
  - Broadcast:       3.639724 seconds
  - Memory copy:     0.212536 seconds

Communication Statistics:
  - MPI_Bcast calls: 10000
  - Bytes transferred: 770.49 MB
  - Output elements: 100000000
========================================

==========================================
Testing with 16 cores (Hybrid)
==========================================
MPI Processes: 4, OpenMP Threads per process: 4
Generating random 20000x20000 input and 200x200 kernel with stride 2x2
Running hybrid mode: MPI processes=4, OpenMP threads=4
Input size: 20000x20000, Kernel: 200x200, Stride: 2x2
Output size: 10000x10000

========================================
Performance Statistics
========================================
Total time:          227.514404 seconds (100.0%)
Computation time:    225.293833 seconds (99.0%)
Communication time:  2.220419 seconds (1.0%)
  - Broadcast:       2.007813 seconds
  - Memory copy:     0.212606 seconds

Communication Statistics:
  - MPI_Bcast calls: 10000
  - Bytes transferred: 770.49 MB
  - Output elements: 100000000
========================================

==========================================
Testing with 32 cores (Hybrid)
==========================================
MPI Processes: 8, OpenMP Threads per process: 4
Generating random 20000x20000 input and 200x200 kernel with stride 2x2
Running hybrid mode: MPI processes=8, OpenMP threads=4
Input size: 20000x20000, Kernel: 200x200, Stride: 2x2
Output size: 10000x10000

========================================
Performance Statistics
========================================
Total time:          116.109801 seconds (100.0%)
Computation time:    112.676946 seconds (97.0%)
Communication time:  3.432768 seconds (3.0%)
  - Broadcast:       3.323024 seconds
  - Memory copy:     0.109744 seconds

Communication Statistics:
  - MPI_Bcast calls: 10000
  - Bytes transferred: 579.76 MB
  - Output elements: 100000000
========================================

==========================================
Testing with 64 cores (Hybrid)
==========================================
MPI Processes: 8, OpenMP Threads per process: 8
Generating random 20000x20000 input and 200x200 kernel with stride 2x2
Running hybrid mode: MPI processes=8, OpenMP threads=8
Input size: 20000x20000, Kernel: 200x200, Stride: 2x2
Output size: 10000x10000

========================================
Performance Statistics
========================================
Total time:          64.926338 seconds (100.0%)
Computation time:    62.210382 seconds (95.8%)
Communication time:  2.715869 seconds (4.2%)
  - Broadcast:       2.607564 seconds
  - Memory copy:     0.108305 seconds

Communication Statistics:
  - MPI_Bcast calls: 10000
  - Bytes transferred: 579.76 MB
  - Output elements: 100000000
========================================

==========================================
Testing with 96 cores (Hybrid)
==========================================
MPI Processes: 12, OpenMP Threads per process: 8
Generating random 20000x20000 input and 200x200 kernel with stride 2x2
Running hybrid mode: MPI processes=12, OpenMP threads=8
Input size: 20000x20000, Kernel: 200x200, Stride: 2x2
Output size: 10000x10000

========================================
Performance Statistics
========================================
Total time:          46.612681 seconds (100.0%)
Computation time:    41.507758 seconds (89.0%)
Communication time:  5.104853 seconds (11.0%)
  - Broadcast:       5.031270 seconds
  - Memory copy:     0.073583 seconds

Communication Statistics:
  - MPI_Bcast calls: 10000
  - Bytes transferred: 516.28 MB
  - Output elements: 100000000
========================================

==========================================
Job completed at: Mon Oct 13 10:45:23 AM AWST 2025
==========================================
