==========================================
Hybrid MPI+OpenMP Test - 2 Nodes, 2 cores, stride (2,2)
20000x20000 Matrix, Kernel 200x200
==========================================
Job started at: Mon Oct 13 10:13:02 AM AWST 2025
MPI Processes: 2, OpenMP Threads: 1
==========================================
Generating random 20000x20000 input and 200x200 kernel with stride 2x2
Running hybrid mode: MPI processes=2, OpenMP threads=1
Input size: 20000x20000, Kernel: 200x200, Stride: 2x2
Output size: 10000x10000

========================================
Performance Statistics
========================================
Total time:          1796.268931 seconds (100.0%)
Computation time:    1792.523586 seconds (99.8%)
Communication time:  3.743107 seconds (0.2%)
  - Broadcast:       3.324657 seconds
  - Memory copy:     0.418450 seconds

Communication Statistics:
  - MPI_Bcast calls: 10000
  - Bytes transferred: 1151.96 MB
  - Output elements: 100000000
========================================

==========================================
Job completed at: Mon Oct 13 10:43:05 AM AWST 2025
==========================================
