==========================================
Hybrid Distribution Test: 2×48
20000x20000 Matrix, Kernel 200x200
==========================================
Job started at: Mon Oct 13 10:21:44 AM AWST 2025
MPI Processes: 2, OpenMP Threads: 48
Total cores: 96
==========================================
[2×48] 20000x20000 matrix, kernel 200x200
Generating random 20000x20000 input and 200x200 kernel with stride 1x1
Running hybrid mode: MPI processes=2, OpenMP threads=48
Input size: 20000x20000, Kernel: 200x200, Stride: 1x1
Output size: 20000x20000

========================================
Performance Statistics
========================================
Total time:          170.389841 seconds (100.0%)
Computation time:    169.004992 seconds (99.2%)
Communication time:  1.384539 seconds (0.8%)
  - Broadcast:       0.969150 seconds
  - Memory copy:     0.415389 seconds

Communication Statistics:
  - MPI_Bcast calls: 20000
  - Bytes transferred: 2296.45 MB
  - Output elements: 400000000
========================================

==========================================
Job completed at: Mon Oct 13 10:24:40 AM AWST 2025
==========================================
