==========================================
Pure MPI Test - 2 Nodes, 4 cores
20000x20000 Matrix, Kernel 200x200
==========================================
Job started at: Mon Oct 13 09:51:37 AM AWST 2025
MPI Processes: 4
==========================================
Generating random 20000x20000 input and 200x200 kernel with stride 1x1
Running mpi mode: MPI processes=4, OpenMP threads=1
Input size: 20000x20000, Kernel: 200x200, Stride: 1x1
Output size: 20000x20000

========================================
Performance Statistics
========================================
Total time:          3606.017969 seconds (100.0%)
Computation time:    3596.418978 seconds (99.7%)
Communication time:  9.574696 seconds (0.3%)
  - Broadcast:       9.357841 seconds
  - Memory copy:     0.216856 seconds

Communication Statistics:
  - MPI_Bcast calls: 20000
  - Bytes transferred: 1914.98 MB
  - Output elements: 400000000
========================================

==========================================
Job completed at: Mon Oct 13 10:51:50 AM AWST 2025
==========================================
