==========================================
Pure MPI Test - 2 Nodes, 64 cores
20000x20000 Matrix, Kernel 200x200
==========================================
Job started at: Mon Oct 13 09:45:55 AM AWST 2025
MPI Processes: 64
==========================================
Generating random 20000x20000 input and 200x200 kernel with stride 1x1
Running mpi mode: MPI processes=64, OpenMP threads=1
Input size: 20000x20000, Kernel: 200x200, Stride: 1x1
Output size: 20000x20000

========================================
Performance Statistics
========================================
Total time:          269.131218 seconds (100.0%)
Computation time:    231.818070 seconds (86.1%)
Communication time:  37.310279 seconds (13.9%)
  - Broadcast:       37.290279 seconds
  - Memory copy:     0.020000 seconds

Communication Statistics:
  - MPI_Bcast calls: 20000
  - Bytes transferred: 1557.39 MB
  - Output elements: 400000000
========================================

==========================================
Job completed at: Mon Oct 13 09:50:47 AM AWST 2025
==========================================
