==========================================
Pure MPI Test - 2 Nodes, 16 cores
20000x20000 Matrix, Kernel 200x200
==========================================
Job started at: Mon Oct 13 09:38:25 AM AWST 2025
MPI Processes: 16
==========================================
Generating random 20000x20000 input and 200x200 kernel with stride 1x1
Running mpi mode: MPI processes=16, OpenMP threads=1
Input size: 20000x20000, Kernel: 200x200, Stride: 1x1
Output size: 20000x20000

========================================
Performance Statistics
========================================
Total time:          913.013341 seconds (100.0%)
Computation time:    883.876581 seconds (96.8%)
Communication time:  29.129960 seconds (3.2%)
  - Broadcast:       29.072798 seconds
  - Memory copy:     0.057162 seconds

Communication Statistics:
  - MPI_Bcast calls: 20000
  - Bytes transferred: 1628.88 MB
  - Output elements: 400000000
========================================

==========================================
Job completed at: Mon Oct 13 09:53:51 AM AWST 2025
==========================================
