==========================================
Pure MPI Test - 2 Nodes, 32 cores
20000x20000 Matrix, Kernel 200x200
==========================================
Job started at: Mon Oct 13 09:45:55 AM AWST 2025
MPI Processes: 32
==========================================
Generating random 20000x20000 input and 200x200 kernel with stride 1x1
Running mpi mode: MPI processes=32, OpenMP threads=1
Input size: 20000x20000, Kernel: 200x200, Stride: 1x1
Output size: 20000x20000

========================================
Performance Statistics
========================================
Total time:          468.816276 seconds (100.0%)
Computation time:    438.627678 seconds (93.6%)
Communication time:  30.184185 seconds (6.4%)
  - Broadcast:       30.153479 seconds
  - Memory copy:     0.030706 seconds

Communication Statistics:
  - MPI_Bcast calls: 20000
  - Bytes transferred: 1581.19 MB
  - Output elements: 400000000
========================================

==========================================
Job completed at: Mon Oct 13 09:53:57 AM AWST 2025
==========================================
