==========================================
Pure MPI Test - 2 Nodes, 2 cores, stride (10,10)
20000x20000 Matrix, Kernel 200x200
==========================================
Job started at: Mon Oct 13 09:53:16 AM AWST 2025
MPI Processes: 2
==========================================
Generating random 20000x20000 input and 200x200 kernel with stride 10x10
Running mpi mode: MPI processes=2, OpenMP threads=1
Input size: 20000x20000, Kernel: 200x200, Stride: 10x10
Output size: 2000x2000

========================================
Performance Statistics
========================================
Total time:          72.786316 seconds (100.0%)
Computation time:    71.973967 seconds (98.9%)
Communication time:  0.764441 seconds (1.1%)
  - Broadcast:       0.349703 seconds
  - Memory copy:     0.414738 seconds

Communication Statistics:
  - MPI_Bcast calls: 2000
  - Bytes transferred: 785.14 MB
  - Output elements: 4000000
========================================

==========================================
Job completed at: Mon Oct 13 09:54:35 AM AWST 2025
==========================================
