==========================================
Pure MPI Test - 2 Nodes, 2 cores
20000x20000 Matrix, Kernel 200x200
==========================================
Job started at: Mon Oct 13 09:50:46 AM AWST 2025
MPI Processes: 2
==========================================
Generating random 20000x20000 input and 200x200 kernel with stride 1x1
Running mpi mode: MPI processes=2, OpenMP threads=1
Input size: 20000x20000, Kernel: 200x200, Stride: 1x1
Output size: 20000x20000

========================================
Performance Statistics
========================================
Total time:          7188.652143 seconds (100.0%)
Computation time:    7165.966034 seconds (99.7%)
Communication time:  22.683818 seconds (0.3%)
  - Broadcast:       22.267781 seconds
  - Memory copy:     0.416037 seconds

Communication Statistics:
  - MPI_Bcast calls: 20000
  - Bytes transferred: 2296.45 MB
  - Output elements: 400000000
========================================

==========================================
Job completed at: Mon Oct 13 11:50:41 AM AWST 2025
==========================================
