==========================================
Pure MPI Test - 2 Nodes, 2 cores, stride (5,5)
20000x20000 Matrix, Kernel 200x200
==========================================
Job started at: Mon Oct 13 09:53:17 AM AWST 2025
MPI Processes: 2
==========================================
Generating random 20000x20000 input and 200x200 kernel with stride 5x5
Running mpi mode: MPI processes=2, OpenMP threads=1
Input size: 20000x20000, Kernel: 200x200, Stride: 5x5
Output size: 4000x4000

========================================
Performance Statistics
========================================
Total time:          287.955331 seconds (100.0%)
Computation time:    287.403531 seconds (99.8%)
Communication time:  0.504139 seconds (0.2%)
  - Broadcast:       0.081983 seconds
  - Memory copy:     0.422156 seconds

Communication Statistics:
  - MPI_Bcast calls: 4000
  - Bytes transferred: 831.30 MB
  - Output elements: 16000000
========================================

==========================================
Job completed at: Mon Oct 13 09:58:11 AM AWST 2025
==========================================
