==========================================
Pure MPI Test - 2 Nodes, 2 cores, stride (2,2)
20000x20000 Matrix, Kernel 200x200
==========================================
Job started at: Mon Oct 13 09:53:17 AM AWST 2025
MPI Processes: 2
==========================================
Generating random 20000x20000 input and 200x200 kernel with stride 2x2
Running mpi mode: MPI processes=2, OpenMP threads=1
Input size: 20000x20000, Kernel: 200x200, Stride: 2x2
Output size: 10000x10000

========================================
Performance Statistics
========================================
Total time:          1804.011013 seconds (100.0%)
Computation time:    1796.737970 seconds (99.6%)
Communication time:  7.270775 seconds (0.4%)
  - Broadcast:       6.854463 seconds
  - Memory copy:     0.416312 seconds

Communication Statistics:
  - MPI_Bcast calls: 10000
  - Bytes transferred: 1151.96 MB
  - Output elements: 100000000
========================================

==========================================
Job completed at: Mon Oct 13 10:23:27 AM AWST 2025
==========================================
