==========================================
Pure MPI Test - 2 Nodes, 8 cores
20000x20000 Matrix, Kernel 200x200
==========================================
Job started at: Mon Oct 13 09:47:24 AM AWST 2025
MPI Processes: 8
==========================================
Generating random 20000x20000 input and 200x200 kernel with stride 1x1
Running mpi mode: MPI processes=8, OpenMP threads=1
Input size: 20000x20000, Kernel: 200x200, Stride: 1x1
Output size: 20000x20000

========================================
Performance Statistics
========================================
Total time:          1809.088730 seconds (100.0%)
Computation time:    1786.016064 seconds (98.7%)
Communication time:  23.060160 seconds (1.3%)
  - Broadcast:       22.951646 seconds
  - Memory copy:     0.108514 seconds

Communication Statistics:
  - MPI_Bcast calls: 20000
  - Bytes transferred: 1724.24 MB
  - Output elements: 400000000
========================================

==========================================
Job completed at: Mon Oct 13 10:17:44 AM AWST 2025
==========================================
