==========================================
20000x20000 Matrix, Kernel 200x200, Stride (3,3)
Testing all thread counts
==========================================
Job started at: Mon Oct 13 10:45:04 AM AWST 2025
Node: nid001168
==========================================

==========================================
Testing with 2 threads
==========================================
[2 threads] 20000x20000 matrix, kernel 200x200, stride (3,3)

==========================================
Testing with 4 threads
==========================================
[4 threads] 20000x20000 matrix, kernel 200x200, stride (3,3)

==========================================
Testing with 8 threads
==========================================
[8 threads] 20000x20000 matrix, kernel 200x200, stride (3,3)

==========================================
Testing with 16 threads
==========================================
[16 threads] 20000x20000 matrix, kernel 200x200, stride (3,3)

==========================================
Testing with 32 threads
==========================================
[32 threads] 20000x20000 matrix, kernel 200x200, stride (3,3)

==========================================
Testing with 64 threads
==========================================
[64 threads] 20000x20000 matrix, kernel 200x200, stride (3,3)

==========================================
Testing with 96 threads
==========================================
[96 threads] 20000x20000 matrix, kernel 200x200, stride (3,3)

==========================================
Job completed at: Mon Oct 13 10:45:04 AM AWST 2025
==========================================
