==========================================
20000x20000 Matrix, Kernel 200x200, Stride (2,2)
Testing all thread counts
==========================================
Job started at: Wed Oct 15 03:33:35 AM AWST 2025
Node: nid002310
==========================================

==========================================
Testing with 2 threads
==========================================
[2 threads] 20000x20000 matrix, kernel 200x200, stride (2,2)
Generating random 20000x20000 input and 200x200 kernel with stride 2x2
Running omp mode: MPI processes=1, OpenMP threads=2
Input size: 20000x20000, Kernel: 200x200, Stride: 2x2
Output size: 10000x10000
Total time: 1790.327692 seconds

==========================================
Testing with 4 threads
==========================================
[4 threads] 20000x20000 matrix, kernel 200x200, stride (2,2)
Generating random 20000x20000 input and 200x200 kernel with stride 2x2
Running omp mode: MPI processes=1, OpenMP threads=4
Input size: 20000x20000, Kernel: 200x200, Stride: 2x2
Output size: 10000x10000
Total time: 896.795097 seconds

==========================================
Testing with 8 threads
==========================================
[8 threads] 20000x20000 matrix, kernel 200x200, stride (2,2)
Generating random 20000x20000 input and 200x200 kernel with stride 2x2
Running omp mode: MPI processes=1, OpenMP threads=8
Input size: 20000x20000, Kernel: 200x200, Stride: 2x2
Output size: 10000x10000
Total time: 449.504865 seconds

==========================================
Testing with 16 threads
==========================================
[16 threads] 20000x20000 matrix, kernel 200x200, stride (2,2)
Generating random 20000x20000 input and 200x200 kernel with stride 2x2
Running omp mode: MPI processes=1, OpenMP threads=16
Input size: 20000x20000, Kernel: 200x200, Stride: 2x2
Output size: 10000x10000
Total time: 227.097043 seconds

==========================================
Testing with 32 threads
==========================================
[32 threads] 20000x20000 matrix, kernel 200x200, stride (2,2)
Generating random 20000x20000 input and 200x200 kernel with stride 2x2
Running omp mode: MPI processes=1, OpenMP threads=32
Input size: 20000x20000, Kernel: 200x200, Stride: 2x2
Output size: 10000x10000
Total time: 126.364161 seconds

==========================================
Testing with 64 threads
==========================================
[64 threads] 20000x20000 matrix, kernel 200x200, stride (2,2)
Generating random 20000x20000 input and 200x200 kernel with stride 2x2
Running omp mode: MPI processes=1, OpenMP threads=64
Input size: 20000x20000, Kernel: 200x200, Stride: 2x2
Output size: 10000x10000
Total time: 63.367509 seconds

==========================================
Testing with 96 threads
==========================================
[96 threads] 20000x20000 matrix, kernel 200x200, stride (2,2)
Generating random 20000x20000 input and 200x200 kernel with stride 2x2
Running omp mode: MPI processes=1, OpenMP threads=96
Input size: 20000x20000, Kernel: 200x200, Stride: 2x2
Output size: 10000x10000
Total time: 48.119888 seconds

==========================================
Job completed at: Wed Oct 15 04:34:01 AM AWST 2025
==========================================
