==========================================
Hybrid MPI+OpenMP Test - 4 Nodes, 16 cores
20000x20000 Matrix, Kernel 200x200
==========================================
Job started at: Wed Oct 15 10:42:47 PM AWST 2025
MPI Processes: 8, OpenMP Threads: 2 (Total: 16 cores)
Memory allocated: 96GB
==========================================
Memory usage before execution:
Node memory:                total        used        free      shared  buff/cache   available
Mem:           250Gi        32Gi       209Gi       1.4Gi        11Gi       218Gi
Swap:             0B          0B          0B
==========================================
Starting hybrid execution...
Generating random 20000x20000 input and 200x200 kernel with stride 1x1
Running hybrid mode: MPI processes=8, OpenMP threads=2
Input size: 20000x20000, Kernel: 200x200, Stride: 1x1
Output size: 20000x20000

========================================
Performance Statistics
========================================
Total time:          954.416225 seconds (100.0%)
Computation time:    888.300283 seconds (93.1%)
Communication time:  66.115823 seconds (6.9%)
  - Broadcast:       66.006322 seconds
  - Memory copy:     0.109501 seconds

Communication Statistics:
  - MPI_Bcast calls: 20000
  - Bytes transferred: 1724.24 MB
  - Output elements: 400000000
========================================

==========================================
Memory usage after execution:
Node memory:                total        used        free      shared  buff/cache   available
Mem:           250Gi        37Gi       208Gi       1.4Gi       7.7Gi       213Gi
Swap:             0B          0B          0B
==========================================

==========================================
Job completed at: Wed Oct 15 10:58:49 PM AWST 2025
==========================================
