==========================================
Hybrid MPI+OpenMP Test - 4 Nodes, 64 cores
20000x20000 Matrix, Kernel 200x200
==========================================
Job started at: Wed Oct 15 10:42:47 PM AWST 2025
MPI Processes: 32, OpenMP Threads: 2 (Total: 64 cores)
Memory allocated: 96GB
==========================================
Memory usage before execution:
Node memory:                total        used        free      shared  buff/cache   available
Mem:           250Gi        11Gi       208Gi       462Mi        32Gi       239Gi
Swap:             0B          0B          0B
==========================================
Starting hybrid execution...
Generating random 20000x20000 input and 200x200 kernel with stride 1x1
Running hybrid mode: MPI processes=32, OpenMP threads=2
Input size: 20000x20000, Kernel: 200x200, Stride: 1x1
Output size: 20000x20000

========================================
Performance Statistics
========================================
Total time:          259.304355 seconds (100.0%)
Computation time:    242.269721 seconds (93.4%)
Communication time:  17.034610 seconds (6.6%)
  - Broadcast:       17.001903 seconds
  - Memory copy:     0.032707 seconds

Communication Statistics:
  - MPI_Bcast calls: 20000
  - Bytes transferred: 1581.19 MB
  - Output elements: 400000000
========================================

==========================================
Memory usage after execution:
Node memory:                total        used        free      shared  buff/cache   available
Mem:           250Gi        11Gi       205Gi       463Mi        34Gi       239Gi
Swap:             0B          0B          0B
==========================================

==========================================
Job completed at: Wed Oct 15 10:47:20 PM AWST 2025
==========================================
