==========================================
Pure MPI Test - 4 Nodes, 8 cores
20000x20000 Matrix, Kernel 200x200
==========================================
Job started at: Wed Oct 15 05:13:29 PM AWST 2025
MPI Processes: 8
Memory allocated: 96GB
==========================================
Memory usage before execution:
Node memory:                total        used        free      shared  buff/cache   available
Mem:           250Gi        15Gi       169Gi       458Mi        67Gi       235Gi
Swap:             0B          0B          0B
==========================================
Starting MPI execution...
Generating random 20000x20000 input and 200x200 kernel with stride 1x1
Running mpi mode: MPI processes=8, OpenMP threads=1
Input size: 20000x20000, Kernel: 200x200, Stride: 1x1
Output size: 20000x20000

========================================
Performance Statistics
========================================
Total time:          2023.558685 seconds (100.0%)
Computation time:    1799.905550 seconds (88.9%)
Communication time:  223.638449 seconds (11.1%)
  - Broadcast:       223.497329 seconds
  - Memory copy:     0.141121 seconds

Communication Statistics:
  - MPI_Bcast calls: 20000
  - Bytes transferred: 1724.24 MB
  - Output elements: 400000000
========================================

==========================================
Memory usage after execution:
Node memory:                total        used        free      shared  buff/cache   available
Mem:           250Gi        13Gi       200Gi       460Mi        38Gi       237Gi
Swap:             0B          0B          0B
==========================================

==========================================
Job completed at: Wed Oct 15 05:47:24 PM AWST 2025
==========================================
